Using pre-set license
Built from '2021.3/staging' branch; Version is '2021.3.0f1 (6eacc8284459) revision 7253192'; Using compiler version '192829333'; Build Type 'Release'
OS: 'Windows 11  (10.0.22000) 64bit Core' Language: 'ko' Physical Memory: 65323 MB
BatchMode: 1, IsHumanControllingUs: 0, StartBugReporterOnCrash: 0, Is64bit: 1, IsPro: 1

COMMAND LINE ARGUMENTS:
C:\Program Files\Unity\Hub\Editor\2021.3.0f1\Editor\Unity.exe
-adb2
-batchMode
-noUpm
-name
AssetImportWorker2
-projectPath
D:/WorkSpace/Portfolio/Game/ClickToEarn
-logFile
Logs/AssetImportWorker2.log
-srvPort
9820
Successfully changed project path to: D:/WorkSpace/Portfolio/Game/ClickToEarn
D:/WorkSpace/Portfolio/Game/ClickToEarn
[UnityMemory] Configuration Parameters - Can be set up in boot.config
    "memorysetup-bucket-allocator-granularity=16"
    "memorysetup-bucket-allocator-bucket-count=8"
    "memorysetup-bucket-allocator-block-size=33554432"
    "memorysetup-bucket-allocator-block-count=8"
    "memorysetup-main-allocator-block-size=16777216"
    "memorysetup-thread-allocator-block-size=16777216"
    "memorysetup-gfx-main-allocator-block-size=16777216"
    "memorysetup-gfx-thread-allocator-block-size=16777216"
    "memorysetup-cache-allocator-block-size=4194304"
    "memorysetup-typetree-allocator-block-size=2097152"
    "memorysetup-profiler-bucket-allocator-granularity=16"
    "memorysetup-profiler-bucket-allocator-bucket-count=8"
    "memorysetup-profiler-bucket-allocator-block-size=33554432"
    "memorysetup-profiler-bucket-allocator-block-count=8"
    "memorysetup-profiler-allocator-block-size=16777216"
    "memorysetup-profiler-editor-allocator-block-size=1048576"
    "memorysetup-temp-allocator-size-main=16777216"
    "memorysetup-job-temp-allocator-block-size=2097152"
    "memorysetup-job-temp-allocator-block-size-background=1048576"
    "memorysetup-job-temp-allocator-reduction-small-platforms=262144"
    "memorysetup-temp-allocator-size-background-worker=32768"
    "memorysetup-temp-allocator-size-job-worker=262144"
    "memorysetup-temp-allocator-size-preload-manager=33554432"
    "memorysetup-temp-allocator-size-nav-mesh-worker=65536"
    "memorysetup-temp-allocator-size-audio-worker=65536"
    "memorysetup-temp-allocator-size-cloud-worker=32768"
    "memorysetup-temp-allocator-size-gi-baking-worker=262144"
    "memorysetup-temp-allocator-size-gfx=262144"
Refreshing native plugins compatible for Editor in 31.26 ms, found 3 plugins.
Preloading 0 native plugins for Editor in 0.00 ms.
Initialize engine version: 2021.3.0f1 (6eacc8284459)
[Subsystems] Discovering subsystems at path C:/Program Files/Unity/Hub/Editor/2021.3.0f1/Editor/Data/Resources/UnitySubsystems
[Subsystems] Discovering subsystems at path D:/WorkSpace/Portfolio/Game/ClickToEarn/Assets
GfxDevice: creating device client; threaded=0; jobified=0
Direct3D:
    Version:  Direct3D 11.0 [level 11.1]
    Renderer: NVIDIA GeForce RTX 3060 Ti (ID=0x2489)
    Vendor:   NVIDIA
    VRAM:     8050 MB
    Driver:   30.0.15.1215
Initialize mono
Mono path[0] = 'C:/Program Files/Unity/Hub/Editor/2021.3.0f1/Editor/Data/Managed'
Mono path[1] = 'C:/Program Files/Unity/Hub/Editor/2021.3.0f1/Editor/Data/MonoBleedingEdge/lib/mono/unityjit-win32'
Mono config path = 'C:/Program Files/Unity/Hub/Editor/2021.3.0f1/Editor/Data/MonoBleedingEdge/etc'
Using monoOptions --debugger-agent=transport=dt_socket,embedding=1,server=y,suspend=n,address=127.0.0.1:56812
Begin MonoManager ReloadAssembly
Registering precompiled unity dll's ...
Register platform support module: C:/Program Files/Unity/Hub/Editor/2021.3.0f1/Editor/Data/PlaybackEngines/WebGLSupport/UnityEditor.WebGL.Extensions.dll
Register platform support module: C:/Program Files/Unity/Hub/Editor/2021.3.0f1/Editor/Data/PlaybackEngines/AndroidPlayer/UnityEditor.Android.Extensions.dll
Register platform support module: C:/Program Files/Unity/Hub/Editor/2021.3.0f1/Editor/Data/PlaybackEngines/WindowsStandaloneSupport/UnityEditor.WindowsStandalone.Extensions.dll
Registered in 0.002641 seconds.
Native extension for WindowsStandalone target not found
Native extension for Android target not found
Native extension for WebGL target not found
Refreshing native plugins compatible for Editor in 32.05 ms, found 3 plugins.
Preloading 0 native plugins for Editor in 0.00 ms.
Mono: successfully reloaded assembly
- Completed reload, in  0.408 seconds
Domain Reload Profiling:
	ReloadAssembly (408ms)
		BeginReloadAssembly (43ms)
			ExecutionOrderSort (0ms)
			DisableScriptedObjects (0ms)
			BackupInstance (0ms)
			ReleaseScriptingObjects (0ms)
			CreateAndSetChildDomain (0ms)
		EndReloadAssembly (298ms)
			LoadAssemblies (42ms)
			RebuildTransferFunctionScriptingTraits (0ms)
			SetupTypeCache (68ms)
			ReleaseScriptCaches (0ms)
			RebuildScriptCaches (16ms)
			SetupLoadedEditorAssemblies (182ms)
				LogAssemblyErrors (0ms)
				InitializePlatformSupportModulesInManaged (43ms)
				SetLoadedEditorAssemblies (0ms)
				RefreshPlugins (32ms)
				BeforeProcessingInitializeOnLoad (1ms)
				ProcessInitializeOnLoadAttributes (79ms)
				ProcessInitializeOnLoadMethodAttributes (27ms)
				AfterProcessingInitializeOnLoad (0ms)
				EditorAssembliesLoaded (0ms)
			ExecutionOrderSort2 (0ms)
			AwakeInstancesAfterBackupRestoration (0ms)
Platform modules already initialized, skipping
Registering precompiled user dll's ...
Registered in 0.001833 seconds.
Begin MonoManager ReloadAssembly
Native extension for WindowsStandalone target not found
Native extension for Android target not found
Native extension for WebGL target not found
Refreshing native plugins compatible for Editor in 31.34 ms, found 3 plugins.
Preloading 0 native plugins for Editor in 0.00 ms.
Mono: successfully reloaded assembly
- Completed reload, in  0.705 seconds
Domain Reload Profiling:
	ReloadAssembly (706ms)
		BeginReloadAssembly (186ms)
			ExecutionOrderSort (0ms)
			DisableScriptedObjects (6ms)
			BackupInstance (0ms)
			ReleaseScriptingObjects (0ms)
			CreateAndSetChildDomain (121ms)
		EndReloadAssembly (462ms)
			LoadAssemblies (40ms)
			RebuildTransferFunctionScriptingTraits (0ms)
			SetupTypeCache (123ms)
			ReleaseScriptCaches (0ms)
			RebuildScriptCaches (28ms)
			SetupLoadedEditorAssemblies (235ms)
				LogAssemblyErrors (0ms)
				InitializePlatformSupportModulesInManaged (15ms)
				SetLoadedEditorAssemblies (0ms)
				RefreshPlugins (31ms)
				BeforeProcessingInitializeOnLoad (41ms)
				ProcessInitializeOnLoadAttributes (122ms)
				ProcessInitializeOnLoadMethodAttributes (23ms)
				AfterProcessingInitializeOnLoad (3ms)
				EditorAssembliesLoaded (0ms)
			ExecutionOrderSort2 (0ms)
			AwakeInstancesAfterBackupRestoration (3ms)
Platform modules already initialized, skipping
========================================================================
Worker process is ready to serve import requests
Launched and connected shader compiler UnityShaderCompiler.exe after 0.06 seconds
Refreshing native plugins compatible for Editor in 0.68 ms, found 3 plugins.
Preloading 0 native plugins for Editor in 0.00 ms.
Unloading 2345 Unused Serialized files (Serialized files now loaded: 0)
Unloading 31 unused Assets / (56.4 KB). Loaded Objects now: 2820.
Memory consumption went from 113.6 MB to 113.5 MB.
Total: 2.392500 ms (FindLiveObjects: 0.154200 ms CreateObjectMapping: 0.050200 ms MarkObjects: 2.123900 ms  DeleteObjects: 0.063300 ms)

AssetImportParameters requested are different than current active one (requested -> active):
  custom:video-decoder-ogg-theora: a1e56fd34408186e4bbccfd4996cb3dc -> 
  custom:container-muxer-webm: aa71ff27fc2769a1b78a27578f13a17b -> 
  custom:container-demuxer-webm: 4f35f7cbe854078d1ac9338744f61a02 -> 
  custom:video-encoder-webm-vp8: eb34c28f22e8b96e1ab97ce403110664 -> 
  custom:audio-encoder-webm-vorbis: bf7c407c2cedff20999df2af8eb42d56 -> 
  custom:framework-win-MediaFoundation: 216162199b28c13a410421893ffa2e32 -> 
  custom:container-demuxer-ogg: 62fdf1f143b41e24485cea50d1cbac27 -> 
  custom:video-decoder-webm-vp8: 9c59270c3fd7afecdb556c50c9e8de78 -> 
  custom:audio-decoder-ogg-vorbis: bf7c407c2cedff20999df2af8eb42d56 -> 
========================================================================
Received Import Request.
  Time since last request: 460692.393755 seconds.
  path: Assets/Shop/Texture/Five Seamless Tileable Ground Textures/Textures/Water Deep Blue.png
  artifactKey: Guid(9db26ebe8235b5e42924bb2c54ad0c80) Importer(815301076,1909f56bfc062723c751e8b465ee728b)
Start importing Assets/Shop/Texture/Five Seamless Tileable Ground Textures/Textures/Water Deep Blue.png using Guid(9db26ebe8235b5e42924bb2c54ad0c80) Importer(815301076,1909f56bfc062723c751e8b465ee728b)  -> (artifact id: 'b025b3f196f6fd478f89e49f13780d29') in 0.049373 seconds 
========================================================================
Received Import Request.
  Time since last request: 53.140171 seconds.
  path: Assets/Shop/Texture/Toon Crystals pack/Materials
  artifactKey: Guid(5bf702c8f5f5d63418dd470591e5512b) Importer(815301076,1909f56bfc062723c751e8b465ee728b)
Start importing Assets/Shop/Texture/Toon Crystals pack/Materials using Guid(5bf702c8f5f5d63418dd470591e5512b) Importer(815301076,1909f56bfc062723c751e8b465ee728b)  -> (artifact id: 'cf7cde85a37e334d62c61c3fe953550e') in 0.003036 seconds 
========================================================================
Received Import Request.
  Time since last request: 0.036116 seconds.
  path: Assets/Shop/Texture/Toon Crystals pack/Materials/BlueCrystal.mat
  artifactKey: Guid(c437e7b5d7c2a7d4dbfcf59338cd77a1) Importer(815301076,1909f56bfc062723c751e8b465ee728b)
Start importing Assets/Shop/Texture/Toon Crystals pack/Materials/BlueCrystal.mat using Guid(c437e7b5d7c2a7d4dbfcf59338cd77a1) Importer(815301076,1909f56bfc062723c751e8b465ee728b)  -> (artifact id: '6ce9170c60a8d25e6e3020d207a95412') in 0.199238 seconds 
========================================================================
Received Import Request.
  Time since last request: 0.000018 seconds.
  path: Assets/Shop/Texture/Toon Crystals pack/Materials/Hexahedral_GoldCrystal.mat
  artifactKey: Guid(370e0477e876a844fb42477ef9300c22) Importer(815301076,1909f56bfc062723c751e8b465ee728b)
Start importing Assets/Shop/Texture/Toon Crystals pack/Materials/Hexahedral_GoldCrystal.mat using Guid(370e0477e876a844fb42477ef9300c22) Importer(815301076,1909f56bfc062723c751e8b465ee728b)  -> (artifact id: '56e8decfdce9c09c1c90c3c2d09f0bfd') in 0.023684 seconds 
========================================================================
Received Import Request.
  Time since last request: 0.000029 seconds.
  path: Assets/Shop/Texture/Toon Crystals pack/Materials/Rocks_Diff.mat
  artifactKey: Guid(6b8b57105ebdc3743b2f82e71b222e2f) Importer(815301076,1909f56bfc062723c751e8b465ee728b)
Start importing Assets/Shop/Texture/Toon Crystals pack/Materials/Rocks_Diff.mat using Guid(6b8b57105ebdc3743b2f82e71b222e2f) Importer(815301076,1909f56bfc062723c751e8b465ee728b)  -> (artifact id: '00a241c0bcfc78593bb8cfe41c3597b8') in 0.093976 seconds 
========================================================================
Received Import Request.
  Time since last request: 0.000013 seconds.
  path: Assets/Shop/Texture/Toon Crystals pack/Materials/Hexahedrall_PurpCrystal.mat
  artifactKey: Guid(36e92ffc32c797040a6c1a0ab661ff49) Importer(815301076,1909f56bfc062723c751e8b465ee728b)
Start importing Assets/Shop/Texture/Toon Crystals pack/Materials/Hexahedrall_PurpCrystal.mat using Guid(36e92ffc32c797040a6c1a0ab661ff49) Importer(815301076,1909f56bfc062723c751e8b465ee728b)  -> (artifact id: 'd8f9f95935d7557a9a21471c6a3b855e') in 0.033750 seconds 
========================================================================
Received Import Request.
  Time since last request: 0.000016 seconds.
  path: Assets/Shop/Texture/Toon Crystals pack/Materials/SmallCrystal_Green.mat
  artifactKey: Guid(1d0e1170b8157b34cb118a9b4e3e4d73) Importer(815301076,1909f56bfc062723c751e8b465ee728b)
Start importing Assets/Shop/Texture/Toon Crystals pack/Materials/SmallCrystal_Green.mat using Guid(1d0e1170b8157b34cb118a9b4e3e4d73) Importer(815301076,1909f56bfc062723c751e8b465ee728b)  -> (artifact id: '96c44605965198b7060622629e7b2247') in 0.023623 seconds 
========================================================================
Received Import Request.
  Time since last request: 0.000016 seconds.
  path: Assets/Shop/Texture/Toon Crystals pack/Materials/Rock_Gray.mat
  artifactKey: Guid(74b56c006b9af1640a9897b6c32b9231) Importer(815301076,1909f56bfc062723c751e8b465ee728b)
Start importing Assets/Shop/Texture/Toon Crystals pack/Materials/Rock_Gray.mat using Guid(74b56c006b9af1640a9897b6c32b9231) Importer(815301076,1909f56bfc062723c751e8b465ee728b)  -> (artifact id: '16164b25bf127083cfa9b9abb3c59473') in 0.022299 seconds 
========================================================================
Received Import Request.
  Time since last request: 0.000026 seconds.
  path: Assets/Shop/Texture/Toon Crystals pack/Materials/GemStone_Purp.mat
  artifactKey: Guid(ca11326b49da69c4fb3cd226e09c0a56) Importer(815301076,1909f56bfc062723c751e8b465ee728b)
Start importing Assets/Shop/Texture/Toon Crystals pack/Materials/GemStone_Purp.mat using Guid(ca11326b49da69c4fb3cd226e09c0a56) Importer(815301076,1909f56bfc062723c751e8b465ee728b)  -> (artifact id: '3763f7f81a0af83a6e5b0d93ec3d5e23') in 0.024680 seconds 
========================================================================
Received Import Request.
  Time since last request: 1.679415 seconds.
  path: Assets/Shop/Texture/Toon Crystals pack/Meshes/BlueCrystal01.fbx
  artifactKey: Guid(942d5b3010cc3bc4893eb45aeb204597) Importer(815301076,1909f56bfc062723c751e8b465ee728b)
Start importing Assets/Shop/Texture/Toon Crystals pack/Meshes/BlueCrystal01.fbx using Guid(942d5b3010cc3bc4893eb45aeb204597) Importer(815301076,1909f56bfc062723c751e8b465ee728b)  -> (artifact id: 'c98121109a670c08a9f42099012df62e') in 0.142146 seconds 
========================================================================
Received Import Request.
  Time since last request: 0.000018 seconds.
  path: Assets/Shop/Texture/Toon Crystals pack/Meshes/RedCrystal00.fbx
  artifactKey: Guid(6c4f9353405beb9429d4f61e59844278) Importer(815301076,1909f56bfc062723c751e8b465ee728b)
Start importing Assets/Shop/Texture/Toon Crystals pack/Meshes/RedCrystal00.fbx using Guid(6c4f9353405beb9429d4f61e59844278) Importer(815301076,1909f56bfc062723c751e8b465ee728b)  -> (artifact id: 'e1e0437974dd88f7906edeac7bd18b1a') in 0.029634 seconds 
========================================================================
Received Import Request.
  Time since last request: 0.000041 seconds.
  path: Assets/Shop/Texture/Toon Crystals pack/Meshes/RedCrystal06.fbx
  artifactKey: Guid(cf37fbb50d340464583f5479bccc6765) Importer(815301076,1909f56bfc062723c751e8b465ee728b)
Start importing Assets/Shop/Texture/Toon Crystals pack/Meshes/RedCrystal06.fbx using Guid(cf37fbb50d340464583f5479bccc6765) Importer(815301076,1909f56bfc062723c751e8b465ee728b)  -> (artifact id: 'e59f72eef076434b226f647b64cd8147') in 0.032452 seconds 
========================================================================
Received Import Request.
  Time since last request: 0.000028 seconds.
  path: Assets/Shop/Texture/Toon Crystals pack/Meshes/PurpCrystal03.fbx
  artifactKey: Guid(09b59c74c6ee6f04fa18ab62379a0014) Importer(815301076,1909f56bfc062723c751e8b465ee728b)
Start importing Assets/Shop/Texture/Toon Crystals pack/Meshes/PurpCrystal03.fbx using Guid(09b59c74c6ee6f04fa18ab62379a0014) Importer(815301076,1909f56bfc062723c751e8b465ee728b)  -> (artifact id: '9f12f4705afcc42ce4c7519bcf5f29ac') in 0.030724 seconds 
========================================================================
Received Import Request.
  Time since last request: 0.000015 seconds.
  path: Assets/Shop/Texture/Toon Crystals pack/Meshes/BlueCrystal05.fbx
  artifactKey: Guid(ef35d1554ccd4b740bcbbdd0d9a886c6) Importer(815301076,1909f56bfc062723c751e8b465ee728b)
Start importing Assets/Shop/Texture/Toon Crystals pack/Meshes/BlueCrystal05.fbx using Guid(ef35d1554ccd4b740bcbbdd0d9a886c6) Importer(815301076,1909f56bfc062723c751e8b465ee728b)  -> (artifact id: '171f19a3fb658815c922ea16d7dbc4c0') in 0.030669 seconds 
========================================================================
Received Import Request.
  Time since last request: 0.000019 seconds.
  path: Assets/Shop/Texture/Toon Crystals pack/Meshes/RedCrystal07.fbx
  artifactKey: Guid(e0fe5787aa5dc96459f354c7f0a1b968) Importer(815301076,1909f56bfc062723c751e8b465ee728b)
Start importing Assets/Shop/Texture/Toon Crystals pack/Meshes/RedCrystal07.fbx using Guid(e0fe5787aa5dc96459f354c7f0a1b968) Importer(815301076,1909f56bfc062723c751e8b465ee728b)  -> (artifact id: '4cfde9ea07e34b9b94c1db80be03001b') in 0.026482 seconds 
========================================================================
Received Import Request.
  Time since last request: 0.000018 seconds.
  path: Assets/Shop/Texture/Toon Crystals pack/Meshes/PurpCrystal01.fbx
  artifactKey: Guid(7021bcc4a2a2108459c31e269beb5c31) Importer(815301076,1909f56bfc062723c751e8b465ee728b)
Start importing Assets/Shop/Texture/Toon Crystals pack/Meshes/PurpCrystal01.fbx using Guid(7021bcc4a2a2108459c31e269beb5c31) Importer(815301076,1909f56bfc062723c751e8b465ee728b)  -> (artifact id: '47ea39e9635948c953a5fd03502ee39d') in 0.026674 seconds 
========================================================================
Received Import Request.
  Time since last request: 0.000017 seconds.
  path: Assets/Shop/Texture/Toon Crystals pack/Meshes/MoonStone01.fbx
  artifactKey: Guid(7406bc5b8e13a284a929f0fb559ae654) Importer(815301076,1909f56bfc062723c751e8b465ee728b)
Start importing Assets/Shop/Texture/Toon Crystals pack/Meshes/MoonStone01.fbx using Guid(7406bc5b8e13a284a929f0fb559ae654) Importer(815301076,1909f56bfc062723c751e8b465ee728b)  -> (artifact id: 'acab64d18b636178e32939ffb86271f0') in 0.026197 seconds 
========================================================================
Received Import Request.
  Time since last request: 0.000030 seconds.
  path: Assets/Shop/Texture/Toon Crystals pack/Meshes/RedCrystal01.fbx
  artifactKey: Guid(db6b511898d990344aa90a5e4d31c4c1) Importer(815301076,1909f56bfc062723c751e8b465ee728b)
Start importing Assets/Shop/Texture/Toon Crystals pack/Meshes/RedCrystal01.fbx using Guid(db6b511898d990344aa90a5e4d31c4c1) Importer(815301076,1909f56bfc062723c751e8b465ee728b)  -> (artifact id: '0a7a080b6e03210892b8df4d493cfecd') in 0.027352 seconds 
========================================================================
Received Import Request.
  Time since last request: 0.000017 seconds.
  path: Assets/Shop/Texture/Toon Crystals pack/Meshes/BlueCrystal15.fbx
  artifactKey: Guid(d76c2a466095cd14088427a6abffc0da) Importer(815301076,1909f56bfc062723c751e8b465ee728b)
Start importing Assets/Shop/Texture/Toon Crystals pack/Meshes/BlueCrystal15.fbx using Guid(d76c2a466095cd14088427a6abffc0da) Importer(815301076,1909f56bfc062723c751e8b465ee728b)  -> (artifact id: 'ec158a8eb25b6265c9591fa744535947') in 0.089580 seconds 
========================================================================
Received Import Request.
  Time since last request: 0.000016 seconds.
  path: Assets/Shop/Texture/Toon Crystals pack/Meshes/PurpCrystal00.fbx
  artifactKey: Guid(0182e814e0408fe43b26cd6a3619c8d0) Importer(815301076,1909f56bfc062723c751e8b465ee728b)
Start importing Assets/Shop/Texture/Toon Crystals pack/Meshes/PurpCrystal00.fbx using Guid(0182e814e0408fe43b26cd6a3619c8d0) Importer(815301076,1909f56bfc062723c751e8b465ee728b)  -> (artifact id: '392a4c0590c1f593e34958ab9b4fa63b') in 0.026279 seconds 
========================================================================
Received Import Request.
  Time since last request: 0.000013 seconds.
  path: Assets/Shop/Texture/Toon Crystals pack/Meshes/BlueCrystal07.fbx
  artifactKey: Guid(477cefcd3bb606d4989892cbea1587f0) Importer(815301076,1909f56bfc062723c751e8b465ee728b)
Start importing Assets/Shop/Texture/Toon Crystals pack/Meshes/BlueCrystal07.fbx using Guid(477cefcd3bb606d4989892cbea1587f0) Importer(815301076,1909f56bfc062723c751e8b465ee728b)  -> (artifact id: 'd836f4167518b42842bd2ef9ba346f88') in 0.023486 seconds 
========================================================================
Received Import Request.
  Time since last request: 0.000021 seconds.
  path: Assets/Shop/Texture/Toon Crystals pack/Meshes/Obsidian00.fbx
  artifactKey: Guid(5404b1d3857b194469d08e0964a1ce15) Importer(815301076,1909f56bfc062723c751e8b465ee728b)
Start importing Assets/Shop/Texture/Toon Crystals pack/Meshes/Obsidian00.fbx using Guid(5404b1d3857b194469d08e0964a1ce15) Importer(815301076,1909f56bfc062723c751e8b465ee728b)  -> (artifact id: '99962f89808a3b64343379563c7792ab') in 0.055996 seconds 
========================================================================
Received Import Request.
  Time since last request: 0.873506 seconds.
  path: Assets/Shop/Texture/Toon Crystals pack/Particles/DarkBlue Glow.prefab
  artifactKey: Guid(fca5a1670e71af549b9ebfc5cad1ae18) Importer(815301076,1909f56bfc062723c751e8b465ee728b)
Start importing Assets/Shop/Texture/Toon Crystals pack/Particles/DarkBlue Glow.prefab using Guid(fca5a1670e71af549b9ebfc5cad1ae18) Importer(815301076,1909f56bfc062723c751e8b465ee728b)  -> (artifact id: '97bac20252d8354b27171e15b92f370c') in 0.027682 seconds 
========================================================================
Received Import Request.
  Time since last request: 2.499340 seconds.
  path: Assets/Shop/Texture/Toon Crystals pack/Textures/FlyingCrystal_Green.tga
  artifactKey: Guid(a130092c26d863c4aa9437b5db51e2fc) Importer(815301076,1909f56bfc062723c751e8b465ee728b)
Start importing Assets/Shop/Texture/Toon Crystals pack/Textures/FlyingCrystal_Green.tga using Guid(a130092c26d863c4aa9437b5db51e2fc) Importer(815301076,1909f56bfc062723c751e8b465ee728b)  -> (artifact id: '59da1600a46a46f2f423e07770714100') in 0.355157 seconds 
========================================================================
Received Import Request.
  Time since last request: 0.000017 seconds.
  path: Assets/Shop/Texture/Toon Crystals pack/Textures/MoonStone_Green.tga
  artifactKey: Guid(1cbb190572af5f24f96e5913ef823a16) Importer(815301076,1909f56bfc062723c751e8b465ee728b)
Start importing Assets/Shop/Texture/Toon Crystals pack/Textures/MoonStone_Green.tga using Guid(1cbb190572af5f24f96e5913ef823a16) Importer(815301076,1909f56bfc062723c751e8b465ee728b)  -> (artifact id: '704e5695640afa81ef6b2515f71c3984') in 0.014803 seconds 
========================================================================
Received Import Request.
  Time since last request: 0.000020 seconds.
  path: Assets/Shop/Texture/Toon Crystals pack/Textures/Obsidian_normals.tga
  artifactKey: Guid(baf14421f95b3aa48b0a9de64dca6f71) Importer(815301076,1909f56bfc062723c751e8b465ee728b)
Start importing Assets/Shop/Texture/Toon Crystals pack/Textures/Obsidian_normals.tga using Guid(baf14421f95b3aa48b0a9de64dca6f71) Importer(815301076,1909f56bfc062723c751e8b465ee728b)  -> (artifact id: '749144a673a952bb2415f6c05be00d6e') in 0.015684 seconds 
========================================================================
Received Import Request.
  Time since last request: 0.000014 seconds.
  path: Assets/Shop/Texture/Toon Crystals pack/Textures/Hexahedral_RedCrystal.tga
  artifactKey: Guid(2591a3540e41fce4595b9b29e434fcae) Importer(815301076,1909f56bfc062723c751e8b465ee728b)
Start importing Assets/Shop/Texture/Toon Crystals pack/Textures/Hexahedral_RedCrystal.tga using Guid(2591a3540e41fce4595b9b29e434fcae) Importer(815301076,1909f56bfc062723c751e8b465ee728b)  -> (artifact id: '0c24cfc684ac424293201d3e967a2dfa') in 0.019265 seconds 
========================================================================
Received Import Request.
  Time since last request: 0.000018 seconds.
  path: Assets/Shop/Texture/Toon Crystals pack/Textures/SmallCrystal_Blue.tga
  artifactKey: Guid(0b12ed53d84398a4cbba0e66c1b97682) Importer(815301076,1909f56bfc062723c751e8b465ee728b)
Start importing Assets/Shop/Texture/Toon Crystals pack/Textures/SmallCrystal_Blue.tga using Guid(0b12ed53d84398a4cbba0e66c1b97682) Importer(815301076,1909f56bfc062723c751e8b465ee728b)  -> (artifact id: '356cb2ae04a5206bb2ccf725dcfb99ef') in 0.017866 seconds 
========================================================================
Received Import Request.
  Time since last request: 0.000013 seconds.
  path: Assets/Shop/Texture/Toon Crystals pack/Textures/SmallCrystal_Pink.tga
  artifactKey: Guid(f9a5318e1be61c84c88f3eea7f04dff3) Importer(815301076,1909f56bfc062723c751e8b465ee728b)
Start importing Assets/Shop/Texture/Toon Crystals pack/Textures/SmallCrystal_Pink.tga using Guid(f9a5318e1be61c84c88f3eea7f04dff3) Importer(815301076,1909f56bfc062723c751e8b465ee728b)  -> (artifact id: '33f30cd234019666460fa8e901eba8de') in 0.016580 seconds 
