Using pre-set license
Built from '2021.3/staging' branch; Version is '2021.3.0f1 (6eacc8284459) revision 7253192'; Using compiler version '192829333'; Build Type 'Release'
OS: 'Windows 11  (10.0.22000) 64bit Core' Language: 'ko' Physical Memory: 65323 MB
BatchMode: 1, IsHumanControllingUs: 0, StartBugReporterOnCrash: 0, Is64bit: 1, IsPro: 1

COMMAND LINE ARGUMENTS:
C:\Program Files\Unity\Hub\Editor\2021.3.0f1\Editor\Unity.exe
-adb2
-batchMode
-noUpm
-name
AssetImportWorker3
-projectPath
D:/WorkSpace/Portfolio/Game/ClickToEarn
-logFile
Logs/AssetImportWorker3.log
-srvPort
9820
Successfully changed project path to: D:/WorkSpace/Portfolio/Game/ClickToEarn
D:/WorkSpace/Portfolio/Game/ClickToEarn
[UnityMemory] Configuration Parameters - Can be set up in boot.config
    "memorysetup-bucket-allocator-granularity=16"
    "memorysetup-bucket-allocator-bucket-count=8"
    "memorysetup-bucket-allocator-block-size=33554432"
    "memorysetup-bucket-allocator-block-count=8"
    "memorysetup-main-allocator-block-size=16777216"
    "memorysetup-thread-allocator-block-size=16777216"
    "memorysetup-gfx-main-allocator-block-size=16777216"
    "memorysetup-gfx-thread-allocator-block-size=16777216"
    "memorysetup-cache-allocator-block-size=4194304"
    "memorysetup-typetree-allocator-block-size=2097152"
    "memorysetup-profiler-bucket-allocator-granularity=16"
    "memorysetup-profiler-bucket-allocator-bucket-count=8"
    "memorysetup-profiler-bucket-allocator-block-size=33554432"
    "memorysetup-profiler-bucket-allocator-block-count=8"
    "memorysetup-profiler-allocator-block-size=16777216"
    "memorysetup-profiler-editor-allocator-block-size=1048576"
    "memorysetup-temp-allocator-size-main=16777216"
    "memorysetup-job-temp-allocator-block-size=2097152"
    "memorysetup-job-temp-allocator-block-size-background=1048576"
    "memorysetup-job-temp-allocator-reduction-small-platforms=262144"
    "memorysetup-temp-allocator-size-background-worker=32768"
    "memorysetup-temp-allocator-size-job-worker=262144"
    "memorysetup-temp-allocator-size-preload-manager=33554432"
    "memorysetup-temp-allocator-size-nav-mesh-worker=65536"
    "memorysetup-temp-allocator-size-audio-worker=65536"
    "memorysetup-temp-allocator-size-cloud-worker=32768"
    "memorysetup-temp-allocator-size-gi-baking-worker=262144"
    "memorysetup-temp-allocator-size-gfx=262144"
Refreshing native plugins compatible for Editor in 34.92 ms, found 3 plugins.
Preloading 0 native plugins for Editor in 0.00 ms.
Initialize engine version: 2021.3.0f1 (6eacc8284459)
[Subsystems] Discovering subsystems at path C:/Program Files/Unity/Hub/Editor/2021.3.0f1/Editor/Data/Resources/UnitySubsystems
[Subsystems] Discovering subsystems at path D:/WorkSpace/Portfolio/Game/ClickToEarn/Assets
GfxDevice: creating device client; threaded=0; jobified=0
Direct3D:
    Version:  Direct3D 11.0 [level 11.1]
    Renderer: NVIDIA GeForce RTX 3060 Ti (ID=0x2489)
    Vendor:   NVIDIA
    VRAM:     8050 MB
    Driver:   30.0.15.1215
Initialize mono
Mono path[0] = 'C:/Program Files/Unity/Hub/Editor/2021.3.0f1/Editor/Data/Managed'
Mono path[1] = 'C:/Program Files/Unity/Hub/Editor/2021.3.0f1/Editor/Data/MonoBleedingEdge/lib/mono/unityjit-win32'
Mono config path = 'C:/Program Files/Unity/Hub/Editor/2021.3.0f1/Editor/Data/MonoBleedingEdge/etc'
Using monoOptions --debugger-agent=transport=dt_socket,embedding=1,server=y,suspend=n,address=127.0.0.1:56108
Begin MonoManager ReloadAssembly
Registering precompiled unity dll's ...
Register platform support module: C:/Program Files/Unity/Hub/Editor/2021.3.0f1/Editor/Data/PlaybackEngines/WebGLSupport/UnityEditor.WebGL.Extensions.dll
Register platform support module: C:/Program Files/Unity/Hub/Editor/2021.3.0f1/Editor/Data/PlaybackEngines/AndroidPlayer/UnityEditor.Android.Extensions.dll
Register platform support module: C:/Program Files/Unity/Hub/Editor/2021.3.0f1/Editor/Data/PlaybackEngines/WindowsStandaloneSupport/UnityEditor.WindowsStandalone.Extensions.dll
Registered in 0.003223 seconds.
Native extension for WindowsStandalone target not found
Native extension for Android target not found
Native extension for WebGL target not found
Refreshing native plugins compatible for Editor in 29.49 ms, found 3 plugins.
Preloading 0 native plugins for Editor in 0.00 ms.
Mono: successfully reloaded assembly
- Completed reload, in  0.410 seconds
Domain Reload Profiling:
	ReloadAssembly (410ms)
		BeginReloadAssembly (47ms)
			ExecutionOrderSort (0ms)
			DisableScriptedObjects (0ms)
			BackupInstance (0ms)
			ReleaseScriptingObjects (0ms)
			CreateAndSetChildDomain (1ms)
		EndReloadAssembly (294ms)
			LoadAssemblies (45ms)
			RebuildTransferFunctionScriptingTraits (0ms)
			SetupTypeCache (70ms)
			ReleaseScriptCaches (0ms)
			RebuildScriptCaches (17ms)
			SetupLoadedEditorAssemblies (171ms)
				LogAssemblyErrors (0ms)
				InitializePlatformSupportModulesInManaged (48ms)
				SetLoadedEditorAssemblies (0ms)
				RefreshPlugins (30ms)
				BeforeProcessingInitializeOnLoad (1ms)
				ProcessInitializeOnLoadAttributes (60ms)
				ProcessInitializeOnLoadMethodAttributes (32ms)
				AfterProcessingInitializeOnLoad (0ms)
				EditorAssembliesLoaded (0ms)
			ExecutionOrderSort2 (0ms)
			AwakeInstancesAfterBackupRestoration (0ms)
Platform modules already initialized, skipping
Registering precompiled user dll's ...
Registered in 0.003176 seconds.
Begin MonoManager ReloadAssembly
Native extension for WindowsStandalone target not found
Native extension for Android target not found
Native extension for WebGL target not found
Refreshing native plugins compatible for Editor in 32.07 ms, found 3 plugins.
Preloading 0 native plugins for Editor in 0.00 ms.
Mono: successfully reloaded assembly
- Completed reload, in  0.734 seconds
Domain Reload Profiling:
	ReloadAssembly (734ms)
		BeginReloadAssembly (174ms)
			ExecutionOrderSort (0ms)
			DisableScriptedObjects (4ms)
			BackupInstance (0ms)
			ReleaseScriptingObjects (0ms)
			CreateAndSetChildDomain (121ms)
		EndReloadAssembly (502ms)
			LoadAssemblies (43ms)
			RebuildTransferFunctionScriptingTraits (0ms)
			SetupTypeCache (118ms)
			ReleaseScriptCaches (0ms)
			RebuildScriptCaches (33ms)
			SetupLoadedEditorAssemblies (276ms)
				LogAssemblyErrors (0ms)
				InitializePlatformSupportModulesInManaged (17ms)
				SetLoadedEditorAssemblies (0ms)
				RefreshPlugins (32ms)
				BeforeProcessingInitializeOnLoad (37ms)
				ProcessInitializeOnLoadAttributes (156ms)
				ProcessInitializeOnLoadMethodAttributes (31ms)
				AfterProcessingInitializeOnLoad (3ms)
				EditorAssembliesLoaded (0ms)
			ExecutionOrderSort2 (0ms)
			AwakeInstancesAfterBackupRestoration (4ms)
Platform modules already initialized, skipping
========================================================================
Worker process is ready to serve import requests
Launched and connected shader compiler UnityShaderCompiler.exe after 0.03 seconds
Refreshing native plugins compatible for Editor in 0.45 ms, found 3 plugins.
Preloading 0 native plugins for Editor in 0.00 ms.
Unloading 2345 Unused Serialized files (Serialized files now loaded: 0)
Unloading 31 unused Assets / (56.4 KB). Loaded Objects now: 2820.
Memory consumption went from 113.6 MB to 113.5 MB.
Total: 2.604800 ms (FindLiveObjects: 0.147900 ms CreateObjectMapping: 0.060500 ms MarkObjects: 2.297200 ms  DeleteObjects: 0.097800 ms)

AssetImportParameters requested are different than current active one (requested -> active):
  custom:video-decoder-ogg-theora: a1e56fd34408186e4bbccfd4996cb3dc -> 
  custom:container-muxer-webm: aa71ff27fc2769a1b78a27578f13a17b -> 
  custom:container-demuxer-webm: 4f35f7cbe854078d1ac9338744f61a02 -> 
  custom:video-encoder-webm-vp8: eb34c28f22e8b96e1ab97ce403110664 -> 
  custom:audio-encoder-webm-vorbis: bf7c407c2cedff20999df2af8eb42d56 -> 
  custom:framework-win-MediaFoundation: 216162199b28c13a410421893ffa2e32 -> 
  custom:container-demuxer-ogg: 62fdf1f143b41e24485cea50d1cbac27 -> 
  custom:video-decoder-webm-vp8: 9c59270c3fd7afecdb556c50c9e8de78 -> 
  custom:audio-decoder-ogg-vorbis: bf7c407c2cedff20999df2af8eb42d56 -> 
========================================================================
Received Import Request.
  Time since last request: 460745.706078 seconds.
  path: Assets/Shop/Texture/Toon Crystals pack/Materials/FlyingCrystal_Purp.mat
  artifactKey: Guid(e1ffe6fe7bec57041974c0a6512d4ec3) Importer(815301076,1909f56bfc062723c751e8b465ee728b)
Start importing Assets/Shop/Texture/Toon Crystals pack/Materials/FlyingCrystal_Purp.mat using Guid(e1ffe6fe7bec57041974c0a6512d4ec3) Importer(815301076,1909f56bfc062723c751e8b465ee728b)  -> (artifact id: 'b570b84f6d7c999bdb44aaaf52d3a170') in 0.211075 seconds 
========================================================================
Received Import Request.
  Time since last request: 0.000023 seconds.
  path: Assets/Shop/Texture/Toon Crystals pack/Materials/GemStone.mat
  artifactKey: Guid(a314211b18ddd5440be94e4c4c2ae41e) Importer(815301076,1909f56bfc062723c751e8b465ee728b)
Start importing Assets/Shop/Texture/Toon Crystals pack/Materials/GemStone.mat using Guid(a314211b18ddd5440be94e4c4c2ae41e) Importer(815301076,1909f56bfc062723c751e8b465ee728b)  -> (artifact id: 'c414f592df095583bbf9a35a58b23237') in 0.156260 seconds 
========================================================================
Received Import Request.
  Time since last request: 0.000019 seconds.
  path: Assets/Shop/Texture/Toon Crystals pack/Materials/MoonStone.mat
  artifactKey: Guid(f0ea9b9011cb0744ebd0687fa99ee177) Importer(815301076,1909f56bfc062723c751e8b465ee728b)
Start importing Assets/Shop/Texture/Toon Crystals pack/Materials/MoonStone.mat using Guid(f0ea9b9011cb0744ebd0687fa99ee177) Importer(815301076,1909f56bfc062723c751e8b465ee728b)  -> (artifact id: 'f2d72378feb64c5156faf3311db70457') in 0.108446 seconds 
========================================================================
Received Import Request.
  Time since last request: 0.000019 seconds.
  path: Assets/Shop/Texture/Toon Crystals pack/Materials/Rock_Brown.mat
  artifactKey: Guid(db867b3d2d406bb4e9e49c4497c3837c) Importer(815301076,1909f56bfc062723c751e8b465ee728b)
Start importing Assets/Shop/Texture/Toon Crystals pack/Materials/Rock_Brown.mat using Guid(db867b3d2d406bb4e9e49c4497c3837c) Importer(815301076,1909f56bfc062723c751e8b465ee728b)  -> (artifact id: '7ad1c44246ad9b1d55203dc15e15257e') in 0.051874 seconds 
========================================================================
Received Import Request.
  Time since last request: 1.615203 seconds.
  path: Assets/Shop/Texture/Toon Crystals pack/Meshes/BlueCrystal04.fbx
  artifactKey: Guid(26c9a24e2bcc5b14a86157d919bf299f) Importer(815301076,1909f56bfc062723c751e8b465ee728b)
Start importing Assets/Shop/Texture/Toon Crystals pack/Meshes/BlueCrystal04.fbx using Guid(26c9a24e2bcc5b14a86157d919bf299f) Importer(815301076,1909f56bfc062723c751e8b465ee728b)  -> (artifact id: 'd124ad6eb18a6e512cf7674d6505d203') in 0.141600 seconds 
========================================================================
Received Import Request.
  Time since last request: 0.000017 seconds.
  path: Assets/Shop/Texture/Toon Crystals pack/Meshes/Rock001.fbx
  artifactKey: Guid(90267ad0af74bc643b300368887d6acc) Importer(815301076,1909f56bfc062723c751e8b465ee728b)
Start importing Assets/Shop/Texture/Toon Crystals pack/Meshes/Rock001.fbx using Guid(90267ad0af74bc643b300368887d6acc) Importer(815301076,1909f56bfc062723c751e8b465ee728b)  -> (artifact id: '1c86b9feed736d1f770daaa4f4fad53e') in 0.031796 seconds 
========================================================================
Received Import Request.
  Time since last request: 0.000035 seconds.
  path: Assets/Shop/Texture/Toon Crystals pack/Meshes/Obsidian04.fbx
  artifactKey: Guid(62455d9db22fe9541b9ed2040f214b85) Importer(815301076,1909f56bfc062723c751e8b465ee728b)
Start importing Assets/Shop/Texture/Toon Crystals pack/Meshes/Obsidian04.fbx using Guid(62455d9db22fe9541b9ed2040f214b85) Importer(815301076,1909f56bfc062723c751e8b465ee728b)  -> (artifact id: '02475cc600a2dca9952f7992c36e7e9c') in 0.063021 seconds 
========================================================================
Received Import Request.
  Time since last request: 0.000013 seconds.
  path: Assets/Shop/Texture/Toon Crystals pack/Meshes/GemStone02.fbx
  artifactKey: Guid(dded9448fd3136f4fa24fb4922f82991) Importer(815301076,1909f56bfc062723c751e8b465ee728b)
Start importing Assets/Shop/Texture/Toon Crystals pack/Meshes/GemStone02.fbx using Guid(dded9448fd3136f4fa24fb4922f82991) Importer(815301076,1909f56bfc062723c751e8b465ee728b)  -> (artifact id: 'b2c648bfd93f2ee38364dd7c6a0d3472') in 0.028868 seconds 
========================================================================
Received Import Request.
  Time since last request: 0.000021 seconds.
  path: Assets/Shop/Texture/Toon Crystals pack/Meshes/PurpCrystal04.fbx
  artifactKey: Guid(29005a846b22b4449962bc27e77ef924) Importer(815301076,1909f56bfc062723c751e8b465ee728b)
Start importing Assets/Shop/Texture/Toon Crystals pack/Meshes/PurpCrystal04.fbx using Guid(29005a846b22b4449962bc27e77ef924) Importer(815301076,1909f56bfc062723c751e8b465ee728b)  -> (artifact id: 'b10ab3d0ca7622dc097bb57a7af76a12') in 0.028506 seconds 
========================================================================
Received Import Request.
  Time since last request: 0.000015 seconds.
  path: Assets/Shop/Texture/Toon Crystals pack/Meshes/BlueCrystal06.fbx
  artifactKey: Guid(e9433e43935478f4a939f7e4137e9b2e) Importer(815301076,1909f56bfc062723c751e8b465ee728b)
Start importing Assets/Shop/Texture/Toon Crystals pack/Meshes/BlueCrystal06.fbx using Guid(e9433e43935478f4a939f7e4137e9b2e) Importer(815301076,1909f56bfc062723c751e8b465ee728b)  -> (artifact id: 'f9ee836081f426970860eb400a6dd263') in 0.026111 seconds 
========================================================================
Received Import Request.
  Time since last request: 0.000017 seconds.
  path: Assets/Shop/Texture/Toon Crystals pack/Meshes/BlueCrystal09.fbx
  artifactKey: Guid(aaaeebe90a6afb84588105bfe8b485c6) Importer(815301076,1909f56bfc062723c751e8b465ee728b)
Start importing Assets/Shop/Texture/Toon Crystals pack/Meshes/BlueCrystal09.fbx using Guid(aaaeebe90a6afb84588105bfe8b485c6) Importer(815301076,1909f56bfc062723c751e8b465ee728b)  -> (artifact id: 'e26bf50cafeafaa6df97c1d7590a30af') in 0.025371 seconds 
========================================================================
Received Import Request.
  Time since last request: 0.000025 seconds.
  path: Assets/Shop/Texture/Toon Crystals pack/Meshes/BlueCrystal11.fbx
  artifactKey: Guid(afa932a3e30341d4f92007795c2c93d1) Importer(815301076,1909f56bfc062723c751e8b465ee728b)
Start importing Assets/Shop/Texture/Toon Crystals pack/Meshes/BlueCrystal11.fbx using Guid(afa932a3e30341d4f92007795c2c93d1) Importer(815301076,1909f56bfc062723c751e8b465ee728b)  -> (artifact id: 'a8aedb7608b6c854c6d29a44dd1e5e6e') in 0.028486 seconds 
========================================================================
Received Import Request.
  Time since last request: 0.000016 seconds.
  path: Assets/Shop/Texture/Toon Crystals pack/Meshes/MoonStone04.fbx
  artifactKey: Guid(0dafbae71666f874b859bc029977b27b) Importer(815301076,1909f56bfc062723c751e8b465ee728b)
Start importing Assets/Shop/Texture/Toon Crystals pack/Meshes/MoonStone04.fbx using Guid(0dafbae71666f874b859bc029977b27b) Importer(815301076,1909f56bfc062723c751e8b465ee728b)  -> (artifact id: '215eb2093a88c096ea6f9991757f68f5') in 0.093061 seconds 
========================================================================
Received Import Request.
  Time since last request: 0.000019 seconds.
  path: Assets/Shop/Texture/Toon Crystals pack/Meshes/MoonStone02.fbx
  artifactKey: Guid(6ba48bbfcad5b0d46b5a027c103e194c) Importer(815301076,1909f56bfc062723c751e8b465ee728b)
Start importing Assets/Shop/Texture/Toon Crystals pack/Meshes/MoonStone02.fbx using Guid(6ba48bbfcad5b0d46b5a027c103e194c) Importer(815301076,1909f56bfc062723c751e8b465ee728b)  -> (artifact id: 'de018acd266c43aad5671705ff08789e') in 0.024486 seconds 
========================================================================
Received Import Request.
  Time since last request: 0.000022 seconds.
  path: Assets/Shop/Texture/Toon Crystals pack/Meshes/BlueCrystal10.fbx
  artifactKey: Guid(17ca2b0ac31cb494993a64142da8659a) Importer(815301076,1909f56bfc062723c751e8b465ee728b)
Start importing Assets/Shop/Texture/Toon Crystals pack/Meshes/BlueCrystal10.fbx using Guid(17ca2b0ac31cb494993a64142da8659a) Importer(815301076,1909f56bfc062723c751e8b465ee728b)  -> (artifact id: '77ea6236ae2d556ff239ba5aff357977') in 0.024985 seconds 
========================================================================
Received Import Request.
  Time since last request: 0.000026 seconds.
  path: Assets/Shop/Texture/Toon Crystals pack/Meshes/Obsidian01.fbx
  artifactKey: Guid(c0fab6b4a30a7ca48ae2c864ed6a4bdd) Importer(815301076,1909f56bfc062723c751e8b465ee728b)
Start importing Assets/Shop/Texture/Toon Crystals pack/Meshes/Obsidian01.fbx using Guid(c0fab6b4a30a7ca48ae2c864ed6a4bdd) Importer(815301076,1909f56bfc062723c751e8b465ee728b)  -> (artifact id: '2d4e8e5c915836be2df694fb182305d3') in 0.024886 seconds 
========================================================================
Received Import Request.
  Time since last request: 0.869869 seconds.
  path: Assets/Shop/Texture/Toon Crystals pack/Particles/PurpGlow.prefab
  artifactKey: Guid(6972e820cc4703848a6907c4e860c2b2) Importer(815301076,1909f56bfc062723c751e8b465ee728b)
Start importing Assets/Shop/Texture/Toon Crystals pack/Particles/PurpGlow.prefab using Guid(6972e820cc4703848a6907c4e860c2b2) Importer(815301076,1909f56bfc062723c751e8b465ee728b)  -> (artifact id: '16237f079c6f6d975f956b6b645432d5') in 0.029583 seconds 
========================================================================
Received Import Request.
  Time since last request: 2.495593 seconds.
  path: Assets/Shop/Texture/Toon Crystals pack/Textures/GemStone.tga
  artifactKey: Guid(d4a51010f1a6df24baaa423efeeef37c) Importer(815301076,1909f56bfc062723c751e8b465ee728b)
Start importing Assets/Shop/Texture/Toon Crystals pack/Textures/GemStone.tga using Guid(d4a51010f1a6df24baaa423efeeef37c) Importer(815301076,1909f56bfc062723c751e8b465ee728b)  -> (artifact id: 'c225d947071efeeed2b8d2109f379cbf') in 0.354875 seconds 
========================================================================
Received Import Request.
  Time since last request: 0.000029 seconds.
  path: Assets/Shop/Texture/Toon Crystals pack/Textures/Hexahedral_N.tga
  artifactKey: Guid(c60f1212d5394f64a9faeb939b1a9d3a) Importer(815301076,1909f56bfc062723c751e8b465ee728b)
Start importing Assets/Shop/Texture/Toon Crystals pack/Textures/Hexahedral_N.tga using Guid(c60f1212d5394f64a9faeb939b1a9d3a) Importer(815301076,1909f56bfc062723c751e8b465ee728b)  -> (artifact id: '4c7778bad54aa57a3307be64131948db') in 0.017213 seconds 
========================================================================
Received Import Request.
  Time since last request: 0.000017 seconds.
  path: Assets/Shop/Texture/Toon Crystals pack/Textures/HexahedralCrystal_Gold.tga
  artifactKey: Guid(41f204d6f66a3df43a3d233f1eac7d40) Importer(815301076,1909f56bfc062723c751e8b465ee728b)
Start importing Assets/Shop/Texture/Toon Crystals pack/Textures/HexahedralCrystal_Gold.tga using Guid(41f204d6f66a3df43a3d233f1eac7d40) Importer(815301076,1909f56bfc062723c751e8b465ee728b)  -> (artifact id: '741acd36aa68bf57c6060e7060975323') in 0.016276 seconds 
========================================================================
Received Import Request.
  Time since last request: 0.000013 seconds.
  path: Assets/Shop/Texture/Toon Crystals pack/Textures/GemStone_Purp.tga
  artifactKey: Guid(78caaa73469e55c47904c81d1ac3070a) Importer(815301076,1909f56bfc062723c751e8b465ee728b)
Start importing Assets/Shop/Texture/Toon Crystals pack/Textures/GemStone_Purp.tga using Guid(78caaa73469e55c47904c81d1ac3070a) Importer(815301076,1909f56bfc062723c751e8b465ee728b)  -> (artifact id: '0d50bb54a575e5c2d50975b4725f57b4') in 0.019401 seconds 
========================================================================
Received Import Request.
  Time since last request: 0.000017 seconds.
  path: Assets/Shop/Texture/Toon Crystals pack/Textures/Obsidian_White.tga
  artifactKey: Guid(00f248d01665fce4c80b785d972bfbb1) Importer(815301076,1909f56bfc062723c751e8b465ee728b)
Start importing Assets/Shop/Texture/Toon Crystals pack/Textures/Obsidian_White.tga using Guid(00f248d01665fce4c80b785d972bfbb1) Importer(815301076,1909f56bfc062723c751e8b465ee728b)  -> (artifact id: '4507001e57048831c33b40076626ece7') in 0.019291 seconds 
Editor requested this worker to shutdown with reason: Scaling down because of idle timeout
AssetImportWorker is now disconnected from the server
Process exiting
Exiting without the bug reporter. Application will terminate with return code 0