Using pre-set license
Built from '2021.3/staging' branch; Version is '2021.3.0f1 (6eacc8284459) revision 7253192'; Using compiler version '192829333'; Build Type 'Release'
OS: 'Windows 11  (10.0.22000) 64bit Core' Language: 'ko' Physical Memory: 65323 MB
BatchMode: 1, IsHumanControllingUs: 0, StartBugReporterOnCrash: 0, Is64bit: 1, IsPro: 1

COMMAND LINE ARGUMENTS:
C:\Program Files\Unity\Hub\Editor\2021.3.0f1\Editor\Unity.exe
-adb2
-batchMode
-noUpm
-name
AssetImportWorker2
-projectPath
D:/WorkSpace/Portfolio/Game/ClickToEarn
-logFile
Logs/AssetImportWorker2.log
-srvPort
10078
Successfully changed project path to: D:/WorkSpace/Portfolio/Game/ClickToEarn
D:/WorkSpace/Portfolio/Game/ClickToEarn
[UnityMemory] Configuration Parameters - Can be set up in boot.config
    "memorysetup-bucket-allocator-granularity=16"
    "memorysetup-bucket-allocator-bucket-count=8"
    "memorysetup-bucket-allocator-block-size=33554432"
    "memorysetup-bucket-allocator-block-count=8"
    "memorysetup-main-allocator-block-size=16777216"
    "memorysetup-thread-allocator-block-size=16777216"
    "memorysetup-gfx-main-allocator-block-size=16777216"
    "memorysetup-gfx-thread-allocator-block-size=16777216"
    "memorysetup-cache-allocator-block-size=4194304"
    "memorysetup-typetree-allocator-block-size=2097152"
    "memorysetup-profiler-bucket-allocator-granularity=16"
    "memorysetup-profiler-bucket-allocator-bucket-count=8"
    "memorysetup-profiler-bucket-allocator-block-size=33554432"
    "memorysetup-profiler-bucket-allocator-block-count=8"
    "memorysetup-profiler-allocator-block-size=16777216"
    "memorysetup-profiler-editor-allocator-block-size=1048576"
    "memorysetup-temp-allocator-size-main=16777216"
    "memorysetup-job-temp-allocator-block-size=2097152"
    "memorysetup-job-temp-allocator-block-size-background=1048576"
    "memorysetup-job-temp-allocator-reduction-small-platforms=262144"
    "memorysetup-temp-allocator-size-background-worker=32768"
    "memorysetup-temp-allocator-size-job-worker=262144"
    "memorysetup-temp-allocator-size-preload-manager=33554432"
    "memorysetup-temp-allocator-size-nav-mesh-worker=65536"
    "memorysetup-temp-allocator-size-audio-worker=65536"
    "memorysetup-temp-allocator-size-cloud-worker=32768"
    "memorysetup-temp-allocator-size-gi-baking-worker=262144"
    "memorysetup-temp-allocator-size-gfx=262144"
Refreshing native plugins compatible for Editor in 38.34 ms, found 3 plugins.
Preloading 0 native plugins for Editor in 0.00 ms.
Initialize engine version: 2021.3.0f1 (6eacc8284459)
[Subsystems] Discovering subsystems at path C:/Program Files/Unity/Hub/Editor/2021.3.0f1/Editor/Data/Resources/UnitySubsystems
[Subsystems] Discovering subsystems at path D:/WorkSpace/Portfolio/Game/ClickToEarn/Assets
GfxDevice: creating device client; threaded=0; jobified=0
Direct3D:
    Version:  Direct3D 11.0 [level 11.1]
    Renderer: NVIDIA GeForce RTX 3060 Ti (ID=0x2489)
    Vendor:   NVIDIA
    VRAM:     8050 MB
    Driver:   30.0.15.1259
Initialize mono
Mono path[0] = 'C:/Program Files/Unity/Hub/Editor/2021.3.0f1/Editor/Data/Managed'
Mono path[1] = 'C:/Program Files/Unity/Hub/Editor/2021.3.0f1/Editor/Data/MonoBleedingEdge/lib/mono/unityjit-win32'
Mono config path = 'C:/Program Files/Unity/Hub/Editor/2021.3.0f1/Editor/Data/MonoBleedingEdge/etc'
Using monoOptions --debugger-agent=transport=dt_socket,embedding=1,server=y,suspend=n,address=127.0.0.1:56456
Begin MonoManager ReloadAssembly
Registering precompiled unity dll's ...
Register platform support module: C:/Program Files/Unity/Hub/Editor/2021.3.0f1/Editor/Data/PlaybackEngines/WebGLSupport/UnityEditor.WebGL.Extensions.dll
Register platform support module: C:/Program Files/Unity/Hub/Editor/2021.3.0f1/Editor/Data/PlaybackEngines/AndroidPlayer/UnityEditor.Android.Extensions.dll
Register platform support module: C:/Program Files/Unity/Hub/Editor/2021.3.0f1/Editor/Data/PlaybackEngines/WindowsStandaloneSupport/UnityEditor.WindowsStandalone.Extensions.dll
Registered in 0.002641 seconds.
Native extension for WindowsStandalone target not found
Native extension for Android target not found
Native extension for WebGL target not found
Refreshing native plugins compatible for Editor in 31.61 ms, found 3 plugins.
Preloading 0 native plugins for Editor in 0.00 ms.
Mono: successfully reloaded assembly
- Completed reload, in  0.383 seconds
Domain Reload Profiling:
	ReloadAssembly (384ms)
		BeginReloadAssembly (53ms)
			ExecutionOrderSort (0ms)
			DisableScriptedObjects (0ms)
			BackupInstance (0ms)
			ReleaseScriptingObjects (0ms)
			CreateAndSetChildDomain (0ms)
		EndReloadAssembly (262ms)
			LoadAssemblies (52ms)
			RebuildTransferFunctionScriptingTraits (0ms)
			SetupTypeCache (62ms)
			ReleaseScriptCaches (0ms)
			RebuildScriptCaches (15ms)
			SetupLoadedEditorAssemblies (153ms)
				LogAssemblyErrors (0ms)
				InitializePlatformSupportModulesInManaged (36ms)
				SetLoadedEditorAssemblies (0ms)
				RefreshPlugins (32ms)
				BeforeProcessingInitializeOnLoad (1ms)
				ProcessInitializeOnLoadAttributes (58ms)
				ProcessInitializeOnLoadMethodAttributes (26ms)
				AfterProcessingInitializeOnLoad (0ms)
				EditorAssembliesLoaded (0ms)
			ExecutionOrderSort2 (0ms)
			AwakeInstancesAfterBackupRestoration (0ms)
Platform modules already initialized, skipping
Registering precompiled user dll's ...
Registered in 0.001593 seconds.
Begin MonoManager ReloadAssembly
Native extension for WindowsStandalone target not found
Native extension for Android target not found
Native extension for WebGL target not found
Refreshing native plugins compatible for Editor in 31.51 ms, found 3 plugins.
Preloading 0 native plugins for Editor in 0.00 ms.
Mono: successfully reloaded assembly
- Completed reload, in  0.722 seconds
Domain Reload Profiling:
	ReloadAssembly (723ms)
		BeginReloadAssembly (184ms)
			ExecutionOrderSort (0ms)
			DisableScriptedObjects (3ms)
			BackupInstance (0ms)
			ReleaseScriptingObjects (0ms)
			CreateAndSetChildDomain (127ms)
		EndReloadAssembly (472ms)
			LoadAssemblies (41ms)
			RebuildTransferFunctionScriptingTraits (0ms)
			SetupTypeCache (123ms)
			ReleaseScriptCaches (0ms)
			RebuildScriptCaches (32ms)
			SetupLoadedEditorAssemblies (243ms)
				LogAssemblyErrors (0ms)
				InitializePlatformSupportModulesInManaged (14ms)
				SetLoadedEditorAssemblies (0ms)
				RefreshPlugins (32ms)
				BeforeProcessingInitializeOnLoad (38ms)
				ProcessInitializeOnLoadAttributes (128ms)
				ProcessInitializeOnLoadMethodAttributes (29ms)
				AfterProcessingInitializeOnLoad (3ms)
				EditorAssembliesLoaded (0ms)
			ExecutionOrderSort2 (0ms)
			AwakeInstancesAfterBackupRestoration (4ms)
Platform modules already initialized, skipping
========================================================================
Worker process is ready to serve import requests
Launched and connected shader compiler UnityShaderCompiler.exe after 0.03 seconds
Refreshing native plugins compatible for Editor in 0.40 ms, found 3 plugins.
Preloading 0 native plugins for Editor in 0.00 ms.
Unloading 2347 Unused Serialized files (Serialized files now loaded: 0)
Unloading 31 unused Assets / (56.5 KB). Loaded Objects now: 2825.
Memory consumption went from 114.5 MB to 114.5 MB.
Total: 2.092700 ms (FindLiveObjects: 0.137500 ms CreateObjectMapping: 0.057200 ms MarkObjects: 1.830800 ms  DeleteObjects: 0.066400 ms)

AssetImportParameters requested are different than current active one (requested -> active):
  custom:video-decoder-ogg-theora: a1e56fd34408186e4bbccfd4996cb3dc -> 
  custom:container-muxer-webm: aa71ff27fc2769a1b78a27578f13a17b -> 
  custom:container-demuxer-webm: 4f35f7cbe854078d1ac9338744f61a02 -> 
  custom:video-encoder-webm-vp8: eb34c28f22e8b96e1ab97ce403110664 -> 
  custom:audio-encoder-webm-vorbis: bf7c407c2cedff20999df2af8eb42d56 -> 
  custom:framework-win-MediaFoundation: 216162199b28c13a410421893ffa2e32 -> 
  custom:container-demuxer-ogg: 62fdf1f143b41e24485cea50d1cbac27 -> 
  custom:video-decoder-webm-vp8: 9c59270c3fd7afecdb556c50c9e8de78 -> 
  custom:audio-decoder-ogg-vorbis: bf7c407c2cedff20999df2af8eb42d56 -> 
========================================================================
Received Import Request.
  Time since last request: 110764.497737 seconds.
  path: Assets/Shop/Weapon/Blink/Art/Weapons/LowPoly/FreeSwords/Sword3/Sword3_FBX.fbx
  artifactKey: Guid(97a8b82f3d87b034caeb16764385b8bf) Importer(815301076,1909f56bfc062723c751e8b465ee728b)
Start importing Assets/Shop/Weapon/Blink/Art/Weapons/LowPoly/FreeSwords/Sword3/Sword3_FBX.fbx using Guid(97a8b82f3d87b034caeb16764385b8bf) Importer(815301076,1909f56bfc062723c751e8b465ee728b)  -> (artifact id: 'a789257354f85c92e2d6ae4daf7a81e0') in 0.223927 seconds 
========================================================================
Received Import Request.
  Time since last request: 0.000018 seconds.
  path: Assets/Shop/Weapon/Blink/Art/Weapons/LowPoly/FreeSwords/Sword9/Sword9_FBX.fbx
  artifactKey: Guid(4b2b81e7f27ec37418a99c591212245d) Importer(815301076,1909f56bfc062723c751e8b465ee728b)
Start importing Assets/Shop/Weapon/Blink/Art/Weapons/LowPoly/FreeSwords/Sword9/Sword9_FBX.fbx using Guid(4b2b81e7f27ec37418a99c591212245d) Importer(815301076,1909f56bfc062723c751e8b465ee728b)  -> (artifact id: '7b90c7d806418e76b207ad1330ab7146') in 0.092893 seconds 
========================================================================
Received Import Request.
  Time since last request: 0.000017 seconds.
  path: Assets/Shop/Weapon/Blink/Art/Weapons/LowPoly/FreeSwords/Sword13/Sword13_FBX.fbx
  artifactKey: Guid(d1dbaad8388db3746ad5cac74bc494d4) Importer(815301076,1909f56bfc062723c751e8b465ee728b)
Start importing Assets/Shop/Weapon/Blink/Art/Weapons/LowPoly/FreeSwords/Sword13/Sword13_FBX.fbx using Guid(d1dbaad8388db3746ad5cac74bc494d4) Importer(815301076,1909f56bfc062723c751e8b465ee728b)  -> (artifact id: 'c45de41645c287edeaa130d72df8712f') in 0.073096 seconds 
========================================================================
Received Import Request.
  Time since last request: 0.000015 seconds.
  path: Assets/Shop/Weapon/MYFG-Weapon Pack Lite/Textures/Axe01_D.tga
  artifactKey: Guid(4d1279bc9c23a4940836e828c4eac2dd) Importer(815301076,1909f56bfc062723c751e8b465ee728b)
Start importing Assets/Shop/Weapon/MYFG-Weapon Pack Lite/Textures/Axe01_D.tga using Guid(4d1279bc9c23a4940836e828c4eac2dd) Importer(815301076,1909f56bfc062723c751e8b465ee728b)  -> (artifact id: '0ca74cdad0857b37c8dcf2b537be33bd') in 0.094057 seconds 
========================================================================
Received Import Request.
  Time since last request: 0.000017 seconds.
  path: Assets/Shop/Weapon/Blink/Art/Weapons/LowPoly/FreeRPGWeapons/_PREFABS/Mace2H_Epic.prefab
  artifactKey: Guid(0b87c5c82fdfc6c4686ad668eb24450e) Importer(815301076,1909f56bfc062723c751e8b465ee728b)
Start importing Assets/Shop/Weapon/Blink/Art/Weapons/LowPoly/FreeRPGWeapons/_PREFABS/Mace2H_Epic.prefab using Guid(0b87c5c82fdfc6c4686ad668eb24450e) Importer(815301076,1909f56bfc062723c751e8b465ee728b)  -> (artifact id: '348b9ba052ae3377681eeaa80af7beb6') in 0.746987 seconds 
========================================================================
Received Import Request.
  Time since last request: 0.000016 seconds.
  path: Assets/Shop/Texture/2D_STONE AGE WORLD/Assets/A-Level/Prefabs/Evergreen_2.prefab
  artifactKey: Guid(c3919de5ec6ba5a4ba342259481e74db) Importer(815301076,1909f56bfc062723c751e8b465ee728b)
Start importing Assets/Shop/Texture/2D_STONE AGE WORLD/Assets/A-Level/Prefabs/Evergreen_2.prefab using Guid(c3919de5ec6ba5a4ba342259481e74db) Importer(815301076,1909f56bfc062723c751e8b465ee728b)  -> (artifact id: '219cbe94acc7674433628e25caacc487') in 0.041786 seconds 
========================================================================
Received Import Request.
  Time since last request: 0.000023 seconds.
  path: Assets/Shop/Weapon/Blink/Art/Weapons/LowPoly/FreeRPGWeapons/Maces/Mace_2H_Textures/Mace2H_Basic_Normal.png
  artifactKey: Guid(f02519fe44bcce3409678a21b992c88f) Importer(815301076,1909f56bfc062723c751e8b465ee728b)
Start importing Assets/Shop/Weapon/Blink/Art/Weapons/LowPoly/FreeRPGWeapons/Maces/Mace_2H_Textures/Mace2H_Basic_Normal.png using Guid(f02519fe44bcce3409678a21b992c88f) Importer(815301076,1909f56bfc062723c751e8b465ee728b)  -> (artifact id: 'd608701adacce86b4d46dfe036f49881') in 0.048742 seconds 
========================================================================
Received Import Request.
  Time since last request: 0.000012 seconds.
  path: Assets/Shop/Weapon/Blink/Art/Weapons/LowPoly/FreeRPGWeapons/Spears/Spear_1H_Textures/Spear1H_Medium_Normal.png
  artifactKey: Guid(784b3486b297d0f44b6aae9b62cb47df) Importer(815301076,1909f56bfc062723c751e8b465ee728b)
Start importing Assets/Shop/Weapon/Blink/Art/Weapons/LowPoly/FreeRPGWeapons/Spears/Spear_1H_Textures/Spear1H_Medium_Normal.png using Guid(784b3486b297d0f44b6aae9b62cb47df) Importer(815301076,1909f56bfc062723c751e8b465ee728b)  -> (artifact id: '34a409062e19b2eaa88db490b9da75d2') in 0.034600 seconds 
========================================================================
Received Import Request.
  Time since last request: 0.000017 seconds.
  path: Assets/Shop/Weapon/Blink/Art/Weapons/LowPoly/FreeRPGWeapons/Spears/Spear_1H_Textures/Spear1H_Medium_BaseColor.png
  artifactKey: Guid(87d1b1e6cc58d5746ad776811a7cdc5e) Importer(815301076,1909f56bfc062723c751e8b465ee728b)
Start importing Assets/Shop/Weapon/Blink/Art/Weapons/LowPoly/FreeRPGWeapons/Spears/Spear_1H_Textures/Spear1H_Medium_BaseColor.png using Guid(87d1b1e6cc58d5746ad776811a7cdc5e) Importer(815301076,1909f56bfc062723c751e8b465ee728b)  -> (artifact id: '45c8c7d5a339f6c21bc5c32189172e1e') in 0.035463 seconds 
========================================================================
Received Import Request.
  Time since last request: 0.000020 seconds.
  path: Assets/Shop/Weapon/Blink/Art/Weapons/LowPoly/FreeRPGWeapons/Staff/Staff_Textures/Staff_Epic.mat
  artifactKey: Guid(cfb56399cccce3e4e8a4c320b5c68e20) Importer(815301076,1909f56bfc062723c751e8b465ee728b)
Start importing Assets/Shop/Weapon/Blink/Art/Weapons/LowPoly/FreeRPGWeapons/Staff/Staff_Textures/Staff_Epic.mat using Guid(cfb56399cccce3e4e8a4c320b5c68e20) Importer(815301076,1909f56bfc062723c751e8b465ee728b)  -> (artifact id: '49c688b46a75311c4b89e12f4e85ab17') in 0.115287 seconds 
========================================================================
Received Import Request.
  Time since last request: 0.000020 seconds.
  path: Assets/Shop/Weapon/Blink/Art/Weapons/LowPoly/FreeRPGWeapons/_PREFABS/Staff_Basic.prefab
  artifactKey: Guid(0d0ae09fa98635e4e8435fc1a1fc72c7) Importer(815301076,1909f56bfc062723c751e8b465ee728b)
Start importing Assets/Shop/Weapon/Blink/Art/Weapons/LowPoly/FreeRPGWeapons/_PREFABS/Staff_Basic.prefab using Guid(0d0ae09fa98635e4e8435fc1a1fc72c7) Importer(815301076,1909f56bfc062723c751e8b465ee728b)  -> (artifact id: 'ffad33cf81aa980f6a8f7057158ff71f') in 0.180491 seconds 
========================================================================
Received Import Request.
  Time since last request: 0.000020 seconds.
  path: Assets/Shop/Weapon/PigAssets/ModularRPGWeapons/Materials/MetalDark.mat
  artifactKey: Guid(eeb09f3d7dc6c6a42a8d7047838f3053) Importer(815301076,1909f56bfc062723c751e8b465ee728b)
Start importing Assets/Shop/Weapon/PigAssets/ModularRPGWeapons/Materials/MetalDark.mat using Guid(eeb09f3d7dc6c6a42a8d7047838f3053) Importer(815301076,1909f56bfc062723c751e8b465ee728b)  -> (artifact id: '0f629d62433ff37a669fd8ab56637748') in 0.094094 seconds 
========================================================================
Received Import Request.
  Time since last request: 0.000012 seconds.
  path: Assets/Shop/Weapon/Blink/Art/Weapons/LowPoly/FreeRPGWeapons/_PREFABS/Mace2H_Basic.prefab
  artifactKey: Guid(85ba34deb1de19f41ae8795fef846895) Importer(815301076,1909f56bfc062723c751e8b465ee728b)
Start importing Assets/Shop/Weapon/Blink/Art/Weapons/LowPoly/FreeRPGWeapons/_PREFABS/Mace2H_Basic.prefab using Guid(85ba34deb1de19f41ae8795fef846895) Importer(815301076,1909f56bfc062723c751e8b465ee728b)  -> (artifact id: '7735837f5970ee6d1f19ecf033ca55f7') in 0.112367 seconds 
========================================================================
Received Import Request.
  Time since last request: 0.000020 seconds.
  path: Assets/Shop/Weapon/PigAssets/ModularRPGWeapons/Models/Sword1.fbx
  artifactKey: Guid(ae614dc72d013d1479eb2992802e780d) Importer(815301076,1909f56bfc062723c751e8b465ee728b)
Start importing Assets/Shop/Weapon/PigAssets/ModularRPGWeapons/Models/Sword1.fbx using Guid(ae614dc72d013d1479eb2992802e780d) Importer(815301076,1909f56bfc062723c751e8b465ee728b)  -> (artifact id: 'c0b07d476cb38bed5a21e59b4dbbada1') in 0.011092 seconds 
========================================================================
Received Import Request.
  Time since last request: 0.000016 seconds.
  path: Assets/Shop/Weapon/Blink/Art/Weapons/LowPoly/FreeSwords/Demo/Ground2.mat
  artifactKey: Guid(08f996325da6e4f49ba00dd730abbdb5) Importer(815301076,1909f56bfc062723c751e8b465ee728b)
Start importing Assets/Shop/Weapon/Blink/Art/Weapons/LowPoly/FreeSwords/Demo/Ground2.mat using Guid(08f996325da6e4f49ba00dd730abbdb5) Importer(815301076,1909f56bfc062723c751e8b465ee728b)  -> (artifact id: '9af7c7755e490cfa4a45c35fe8a9be66') in 0.009878 seconds 
========================================================================
Received Import Request.
  Time since last request: 0.000015 seconds.
  path: Assets/Shop/Weapon/PigAssets/ModularRPGWeapons/Materials/MetalLight.mat
  artifactKey: Guid(f551f3b75ad8a56438ece8f8f6baecbd) Importer(815301076,1909f56bfc062723c751e8b465ee728b)
Start importing Assets/Shop/Weapon/PigAssets/ModularRPGWeapons/Materials/MetalLight.mat using Guid(f551f3b75ad8a56438ece8f8f6baecbd) Importer(815301076,1909f56bfc062723c751e8b465ee728b)  -> (artifact id: '88d5d02f5df458b6f07792a654eeb390') in 0.008599 seconds 
========================================================================
Received Import Request.
  Time since last request: 0.000019 seconds.
  path: Assets/Shop/Texture/2D_STONE AGE WORLD/Assets/A-Level/Prefabs/Evergreen_3.prefab
  artifactKey: Guid(2cc3ec7382f01fb4ca3b1294aef39b95) Importer(815301076,1909f56bfc062723c751e8b465ee728b)
Start importing Assets/Shop/Texture/2D_STONE AGE WORLD/Assets/A-Level/Prefabs/Evergreen_3.prefab using Guid(2cc3ec7382f01fb4ca3b1294aef39b95) Importer(815301076,1909f56bfc062723c751e8b465ee728b)  -> (artifact id: 'bf7630b121cc4e6e355b3380533efa0a') in 0.051528 seconds 
========================================================================
Received Import Request.
  Time since last request: 0.000015 seconds.
  path: Assets/Shop/Weapon/Blink/Art/Weapons/LowPoly/FreeRPGWeapons/Spears/Spear1h.fbx
  artifactKey: Guid(df3f07283842c864abb844da441c0bf8) Importer(815301076,1909f56bfc062723c751e8b465ee728b)
Start importing Assets/Shop/Weapon/Blink/Art/Weapons/LowPoly/FreeRPGWeapons/Spears/Spear1h.fbx using Guid(df3f07283842c864abb844da441c0bf8) Importer(815301076,1909f56bfc062723c751e8b465ee728b)  -> (artifact id: '0539e80edd995efd553071ee7e5c3cfc') in 0.016316 seconds 
Editor requested this worker to shutdown with reason: Scaling down because of idle timeout
AssetImportWorker is now disconnected from the server
Process exiting
Exiting without the bug reporter. Application will terminate with return code 0