Using pre-set license
Built from '2021.3/staging' branch; Version is '2021.3.0f1 (6eacc8284459) revision 7253192'; Using compiler version '192829333'; Build Type 'Release'
OS: 'Windows 11  (10.0.22000) 64bit Core' Language: 'ko' Physical Memory: 65323 MB
BatchMode: 1, IsHumanControllingUs: 0, StartBugReporterOnCrash: 0, Is64bit: 1, IsPro: 1

COMMAND LINE ARGUMENTS:
C:\Program Files\Unity\Hub\Editor\2021.3.0f1\Editor\Unity.exe
-adb2
-batchMode
-noUpm
-name
AssetImportWorker4
-projectPath
D:/WorkSpace/Portfolio/Game/ClickToEarn
-logFile
Logs/AssetImportWorker4.log
-srvPort
12998
Successfully changed project path to: D:/WorkSpace/Portfolio/Game/ClickToEarn
D:/WorkSpace/Portfolio/Game/ClickToEarn
[UnityMemory] Configuration Parameters - Can be set up in boot.config
    "memorysetup-bucket-allocator-granularity=16"
    "memorysetup-bucket-allocator-bucket-count=8"
    "memorysetup-bucket-allocator-block-size=33554432"
    "memorysetup-bucket-allocator-block-count=8"
    "memorysetup-main-allocator-block-size=16777216"
    "memorysetup-thread-allocator-block-size=16777216"
    "memorysetup-gfx-main-allocator-block-size=16777216"
    "memorysetup-gfx-thread-allocator-block-size=16777216"
    "memorysetup-cache-allocator-block-size=4194304"
    "memorysetup-typetree-allocator-block-size=2097152"
    "memorysetup-profiler-bucket-allocator-granularity=16"
    "memorysetup-profiler-bucket-allocator-bucket-count=8"
    "memorysetup-profiler-bucket-allocator-block-size=33554432"
    "memorysetup-profiler-bucket-allocator-block-count=8"
    "memorysetup-profiler-allocator-block-size=16777216"
    "memorysetup-profiler-editor-allocator-block-size=1048576"
    "memorysetup-temp-allocator-size-main=16777216"
    "memorysetup-job-temp-allocator-block-size=2097152"
    "memorysetup-job-temp-allocator-block-size-background=1048576"
    "memorysetup-job-temp-allocator-reduction-small-platforms=262144"
    "memorysetup-temp-allocator-size-background-worker=32768"
    "memorysetup-temp-allocator-size-job-worker=262144"
    "memorysetup-temp-allocator-size-preload-manager=33554432"
    "memorysetup-temp-allocator-size-nav-mesh-worker=65536"
    "memorysetup-temp-allocator-size-audio-worker=65536"
    "memorysetup-temp-allocator-size-cloud-worker=32768"
    "memorysetup-temp-allocator-size-gi-baking-worker=262144"
    "memorysetup-temp-allocator-size-gfx=262144"
Refreshing native plugins compatible for Editor in 32.36 ms, found 3 plugins.
Preloading 0 native plugins for Editor in 0.00 ms.
Initialize engine version: 2021.3.0f1 (6eacc8284459)
[Subsystems] Discovering subsystems at path C:/Program Files/Unity/Hub/Editor/2021.3.0f1/Editor/Data/Resources/UnitySubsystems
[Subsystems] Discovering subsystems at path D:/WorkSpace/Portfolio/Game/ClickToEarn/Assets
GfxDevice: creating device client; threaded=0; jobified=0
Direct3D:
    Version:  Direct3D 11.0 [level 11.1]
    Renderer: NVIDIA GeForce RTX 3060 Ti (ID=0x2489)
    Vendor:   NVIDIA
    VRAM:     8050 MB
    Driver:   30.0.15.1215
Initialize mono
Mono path[0] = 'C:/Program Files/Unity/Hub/Editor/2021.3.0f1/Editor/Data/Managed'
Mono path[1] = 'C:/Program Files/Unity/Hub/Editor/2021.3.0f1/Editor/Data/MonoBleedingEdge/lib/mono/unityjit-win32'
Mono config path = 'C:/Program Files/Unity/Hub/Editor/2021.3.0f1/Editor/Data/MonoBleedingEdge/etc'
Using monoOptions --debugger-agent=transport=dt_socket,embedding=1,server=y,suspend=n,address=127.0.0.1:56272
Begin MonoManager ReloadAssembly
Registering precompiled unity dll's ...
Register platform support module: C:/Program Files/Unity/Hub/Editor/2021.3.0f1/Editor/Data/PlaybackEngines/WebGLSupport/UnityEditor.WebGL.Extensions.dll
Register platform support module: C:/Program Files/Unity/Hub/Editor/2021.3.0f1/Editor/Data/PlaybackEngines/AndroidPlayer/UnityEditor.Android.Extensions.dll
Register platform support module: C:/Program Files/Unity/Hub/Editor/2021.3.0f1/Editor/Data/PlaybackEngines/WindowsStandaloneSupport/UnityEditor.WindowsStandalone.Extensions.dll
Registered in 0.002655 seconds.
Native extension for WindowsStandalone target not found
Native extension for Android target not found
Native extension for WebGL target not found
Refreshing native plugins compatible for Editor in 28.34 ms, found 3 plugins.
Preloading 0 native plugins for Editor in 0.00 ms.
Mono: successfully reloaded assembly
- Completed reload, in  0.381 seconds
Domain Reload Profiling:
	ReloadAssembly (382ms)
		BeginReloadAssembly (47ms)
			ExecutionOrderSort (0ms)
			DisableScriptedObjects (0ms)
			BackupInstance (0ms)
			ReleaseScriptingObjects (0ms)
			CreateAndSetChildDomain (1ms)
		EndReloadAssembly (268ms)
			LoadAssemblies (46ms)
			RebuildTransferFunctionScriptingTraits (0ms)
			SetupTypeCache (61ms)
			ReleaseScriptCaches (0ms)
			RebuildScriptCaches (16ms)
			SetupLoadedEditorAssemblies (159ms)
				LogAssemblyErrors (0ms)
				InitializePlatformSupportModulesInManaged (34ms)
				SetLoadedEditorAssemblies (0ms)
				RefreshPlugins (28ms)
				BeforeProcessingInitializeOnLoad (1ms)
				ProcessInitializeOnLoadAttributes (62ms)
				ProcessInitializeOnLoadMethodAttributes (33ms)
				AfterProcessingInitializeOnLoad (0ms)
				EditorAssembliesLoaded (0ms)
			ExecutionOrderSort2 (0ms)
			AwakeInstancesAfterBackupRestoration (0ms)
Platform modules already initialized, skipping
Registering precompiled user dll's ...
Registered in 0.001597 seconds.
Begin MonoManager ReloadAssembly
Native extension for WindowsStandalone target not found
Native extension for Android target not found
Native extension for WebGL target not found
Refreshing native plugins compatible for Editor in 55.11 ms, found 3 plugins.
Preloading 0 native plugins for Editor in 0.00 ms.
Mono: successfully reloaded assembly
- Completed reload, in  0.748 seconds
Domain Reload Profiling:
	ReloadAssembly (748ms)
		BeginReloadAssembly (173ms)
			ExecutionOrderSort (0ms)
			DisableScriptedObjects (3ms)
			BackupInstance (0ms)
			ReleaseScriptingObjects (0ms)
			CreateAndSetChildDomain (123ms)
		EndReloadAssembly (507ms)
			LoadAssemblies (42ms)
			RebuildTransferFunctionScriptingTraits (0ms)
			SetupTypeCache (120ms)
			ReleaseScriptCaches (0ms)
			RebuildScriptCaches (35ms)
			SetupLoadedEditorAssemblies (278ms)
				LogAssemblyErrors (0ms)
				InitializePlatformSupportModulesInManaged (21ms)
				SetLoadedEditorAssemblies (0ms)
				RefreshPlugins (55ms)
				BeforeProcessingInitializeOnLoad (40ms)
				ProcessInitializeOnLoadAttributes (132ms)
				ProcessInitializeOnLoadMethodAttributes (25ms)
				AfterProcessingInitializeOnLoad (4ms)
				EditorAssembliesLoaded (0ms)
			ExecutionOrderSort2 (0ms)
			AwakeInstancesAfterBackupRestoration (4ms)
Platform modules already initialized, skipping
========================================================================
Worker process is ready to serve import requests
Launched and connected shader compiler UnityShaderCompiler.exe after 0.03 seconds
Refreshing native plugins compatible for Editor in 0.51 ms, found 3 plugins.
Preloading 0 native plugins for Editor in 0.00 ms.
Unloading 2346 Unused Serialized files (Serialized files now loaded: 0)
Unloading 31 unused Assets / (56.5 KB). Loaded Objects now: 2824.
Memory consumption went from 114.5 MB to 114.5 MB.
Total: 2.665600 ms (FindLiveObjects: 0.132200 ms CreateObjectMapping: 0.046200 ms MarkObjects: 2.416600 ms  DeleteObjects: 0.069800 ms)

AssetImportParameters requested are different than current active one (requested -> active):
  custom:video-decoder-ogg-theora: a1e56fd34408186e4bbccfd4996cb3dc -> 
  custom:container-muxer-webm: aa71ff27fc2769a1b78a27578f13a17b -> 
  custom:container-demuxer-webm: 4f35f7cbe854078d1ac9338744f61a02 -> 
  custom:video-encoder-webm-vp8: eb34c28f22e8b96e1ab97ce403110664 -> 
  custom:audio-encoder-webm-vorbis: bf7c407c2cedff20999df2af8eb42d56 -> 
  custom:framework-win-MediaFoundation: 216162199b28c13a410421893ffa2e32 -> 
  custom:container-demuxer-ogg: 62fdf1f143b41e24485cea50d1cbac27 -> 
  custom:video-decoder-webm-vp8: 9c59270c3fd7afecdb556c50c9e8de78 -> 
  custom:audio-decoder-ogg-vorbis: bf7c407c2cedff20999df2af8eb42d56 -> 
========================================================================
Received Import Request.
  Time since last request: 93392.305296 seconds.
  path: Assets/Shop/Texture/2D_STONE AGE WORLD/Assets/Player/Sprites/WALK/WALK_M_Human_0120.png
  artifactKey: Guid(a39ccdfa1b4e41a478d39ab553ad3351) Importer(815301076,1909f56bfc062723c751e8b465ee728b)
Start importing Assets/Shop/Texture/2D_STONE AGE WORLD/Assets/Player/Sprites/WALK/WALK_M_Human_0120.png using Guid(a39ccdfa1b4e41a478d39ab553ad3351) Importer(815301076,1909f56bfc062723c751e8b465ee728b)  -> (artifact id: 'f6bf37ba49c6436ceacd686009824eeb') in 0.176915 seconds 
========================================================================
Received Import Request.
  Time since last request: 0.000014 seconds.
  path: Assets/Shop/Background/Painted HQ 2D Forest Medieval Background/day/cloud02.png
  artifactKey: Guid(5f9e50fddcbd27747be4ff005e67979b) Importer(815301076,1909f56bfc062723c751e8b465ee728b)
Start importing Assets/Shop/Background/Painted HQ 2D Forest Medieval Background/day/cloud02.png using Guid(5f9e50fddcbd27747be4ff005e67979b) Importer(815301076,1909f56bfc062723c751e8b465ee728b)  -> (artifact id: 'cedb40f1754aceca93a77c637e5a7f9e') in 0.347996 seconds 
========================================================================
Received Import Request.
  Time since last request: 0.000019 seconds.
  path: Assets/Shop/Coin/Animated 2D Coins/Sprite Sheet/JPY_6x4.png
  artifactKey: Guid(7a64d093929a4bc45ae1993d93258ee0) Importer(815301076,1909f56bfc062723c751e8b465ee728b)
Start importing Assets/Shop/Coin/Animated 2D Coins/Sprite Sheet/JPY_6x4.png using Guid(7a64d093929a4bc45ae1993d93258ee0) Importer(815301076,1909f56bfc062723c751e8b465ee728b)  -> (artifact id: 'eccec4dac733bc5e4260018f957932da') in 0.247151 seconds 
========================================================================
Received Import Request.
  Time since last request: 0.000013 seconds.
  path: Assets/Media/Image/Buttons/NextButtonIMG.png
  artifactKey: Guid(1a005bd8d0f15f14eb9eadaa7885ecdb) Importer(815301076,1909f56bfc062723c751e8b465ee728b)
Start importing Assets/Media/Image/Buttons/NextButtonIMG.png using Guid(1a005bd8d0f15f14eb9eadaa7885ecdb) Importer(815301076,1909f56bfc062723c751e8b465ee728b)  -> (artifact id: '6e28798112a5af6ca2d65e7bba803cf7') in 0.015317 seconds 
========================================================================
Received Import Request.
  Time since last request: 0.000021 seconds.
  path: Assets/Shop/Texture/2D_STONE AGE WORLD/Assets/Player/Sprites/THROW/THROW_M_Human_0050.png
  artifactKey: Guid(908fcdc432db5304090bf649f46acbb0) Importer(815301076,1909f56bfc062723c751e8b465ee728b)
Start importing Assets/Shop/Texture/2D_STONE AGE WORLD/Assets/Player/Sprites/THROW/THROW_M_Human_0050.png using Guid(908fcdc432db5304090bf649f46acbb0) Importer(815301076,1909f56bfc062723c751e8b465ee728b)  -> (artifact id: '812e6d8e4dea70fd1ee594c40895803f') in 0.213442 seconds 
========================================================================
Received Import Request.
  Time since last request: 0.000016 seconds.
  path: Assets/Prefab/Coin/CoinIMG.png
  artifactKey: Guid(89c98421cc422dd45864680e969741cd) Importer(815301076,1909f56bfc062723c751e8b465ee728b)
Start importing Assets/Prefab/Coin/CoinIMG.png using Guid(89c98421cc422dd45864680e969741cd) Importer(815301076,1909f56bfc062723c751e8b465ee728b)  -> (artifact id: 'b74c6f3cdd3b9eaea657adaedf5f4758') in 0.072030 seconds 
========================================================================
Received Import Request.
  Time since last request: 0.000021 seconds.
  path: Assets/Shop/Texture/2D_STONE AGE WORLD/Assets/Player/Sprites/JUMP/JUMP_M_Human_0030.png
  artifactKey: Guid(ea1f3f5766800d841bc4ee867972cac6) Importer(815301076,1909f56bfc062723c751e8b465ee728b)
Start importing Assets/Shop/Texture/2D_STONE AGE WORLD/Assets/Player/Sprites/JUMP/JUMP_M_Human_0030.png using Guid(ea1f3f5766800d841bc4ee867972cac6) Importer(815301076,1909f56bfc062723c751e8b465ee728b)  -> (artifact id: '6eb2ad3140952f7f4c18ef0a38f3c2d1') in 0.312644 seconds 
========================================================================
Received Import Request.
  Time since last request: 0.000014 seconds.
  path: Assets/Shop/Texture/2D_STONE AGE WORLD/Assets/Player/Sprites/RUN/RUN_M_Human_0130.png
  artifactKey: Guid(c830206fa96e8434aa4310e4cc1d3955) Importer(815301076,1909f56bfc062723c751e8b465ee728b)
Start importing Assets/Shop/Texture/2D_STONE AGE WORLD/Assets/Player/Sprites/RUN/RUN_M_Human_0130.png using Guid(c830206fa96e8434aa4310e4cc1d3955) Importer(815301076,1909f56bfc062723c751e8b465ee728b)  -> (artifact id: '6979424b54b56b88368801ffb1f84ff4') in 0.055963 seconds 
========================================================================
Received Import Request.
  Time since last request: 0.000016 seconds.
  path: Assets/Shop/Texture/2D_STONE AGE WORLD/Assets/Player/Sprites/HIT/HIT_M_Human_0110.png
  artifactKey: Guid(996d54b61dfc4934893d4ab7111550c1) Importer(815301076,1909f56bfc062723c751e8b465ee728b)
Start importing Assets/Shop/Texture/2D_STONE AGE WORLD/Assets/Player/Sprites/HIT/HIT_M_Human_0110.png using Guid(996d54b61dfc4934893d4ab7111550c1) Importer(815301076,1909f56bfc062723c751e8b465ee728b)  -> (artifact id: 'e8e30e13618f2dedcf87df5d24db1ea8') in 0.015862 seconds 
========================================================================
Received Import Request.
  Time since last request: 0.000016 seconds.
  path: Assets/Shop/Background/Free 2D Cartoon Parallax Background/3_Graveyard/Layer_1.png
  artifactKey: Guid(680f8afb79e338a47a220c4a199533c5) Importer(815301076,1909f56bfc062723c751e8b465ee728b)
Start importing Assets/Shop/Background/Free 2D Cartoon Parallax Background/3_Graveyard/Layer_1.png using Guid(680f8afb79e338a47a220c4a199533c5) Importer(815301076,1909f56bfc062723c751e8b465ee728b)  -> (artifact id: '4ef9f5db6367f060a6b8757f0c0c9fa2') in 0.265699 seconds 
========================================================================
Received Import Request.
  Time since last request: 0.000015 seconds.
  path: Assets/Shop/Background/Free 2D Adventure Beach Pack/night-backgrounds/night-beach-cloud-03.png
  artifactKey: Guid(ba408030391c931409638bae4715dfae) Importer(815301076,1909f56bfc062723c751e8b465ee728b)
Start importing Assets/Shop/Background/Free 2D Adventure Beach Pack/night-backgrounds/night-beach-cloud-03.png using Guid(ba408030391c931409638bae4715dfae) Importer(815301076,1909f56bfc062723c751e8b465ee728b)  -> (artifact id: '8ff2a7e5f0c90a78836507d269d90242') in 0.141637 seconds 
========================================================================
Received Import Request.
  Time since last request: 0.000018 seconds.
  path: Assets/Shop/Texture/2D_STONE AGE WORLD/Assets/Player/Sprites/STUN/STUN_M_Human_0020.png
  artifactKey: Guid(98b40f7b312ad6644b0461c4873097cd) Importer(815301076,1909f56bfc062723c751e8b465ee728b)
Start importing Assets/Shop/Texture/2D_STONE AGE WORLD/Assets/Player/Sprites/STUN/STUN_M_Human_0020.png using Guid(98b40f7b312ad6644b0461c4873097cd) Importer(815301076,1909f56bfc062723c751e8b465ee728b)  -> (artifact id: '61d2441d094aeec7692f5015b55be410') in 0.170616 seconds 
========================================================================
Received Import Request.
  Time since last request: 0.000011 seconds.
  path: Assets/Shop/Texture/2D_STONE AGE WORLD/Assets/A-Level/Sprites/Single_Sprites/Symbol_Herz_0003.png
  artifactKey: Guid(9e114b172c5f0de49aca8a368b485f85) Importer(815301076,1909f56bfc062723c751e8b465ee728b)
Start importing Assets/Shop/Texture/2D_STONE AGE WORLD/Assets/A-Level/Sprites/Single_Sprites/Symbol_Herz_0003.png using Guid(9e114b172c5f0de49aca8a368b485f85) Importer(815301076,1909f56bfc062723c751e8b465ee728b)  -> (artifact id: 'f29802c74ed6d0cb7b0d4233a2b6e445') in 0.027254 seconds 
========================================================================
Received Import Request.
  Time since last request: 0.000024 seconds.
  path: Assets/Shop/Texture/2D_STONE AGE WORLD/Assets/Player/Sprites/THROW/THROW_M_Human_0110.png
  artifactKey: Guid(fc98de8b3326ead439115e8ac0d99a7e) Importer(815301076,1909f56bfc062723c751e8b465ee728b)
Start importing Assets/Shop/Texture/2D_STONE AGE WORLD/Assets/Player/Sprites/THROW/THROW_M_Human_0110.png using Guid(fc98de8b3326ead439115e8ac0d99a7e) Importer(815301076,1909f56bfc062723c751e8b465ee728b)  -> (artifact id: '58b3383e2b688e5d17b1a94c3dc5b1b1') in 0.017343 seconds 
========================================================================
Received Import Request.
  Time since last request: 0.000016 seconds.
  path: Assets/Shop/Coin/Animated 2D Coins/Sprite Sheet/UAH_6x4.png
  artifactKey: Guid(1ef2a1a0ee1bc204891ec7e6ee9e03fc) Importer(815301076,1909f56bfc062723c751e8b465ee728b)
Start importing Assets/Shop/Coin/Animated 2D Coins/Sprite Sheet/UAH_6x4.png using Guid(1ef2a1a0ee1bc204891ec7e6ee9e03fc) Importer(815301076,1909f56bfc062723c751e8b465ee728b)  -> (artifact id: '3a0e830bd4ebd836a3328db97e1d686d') in 0.377544 seconds 
========================================================================
Received Import Request.
  Time since last request: 0.000020 seconds.
  path: Assets/Shop/Texture/2D_STONE AGE WORLD/Assets/Player/Sprites/WALK/WALK_M_Human_0080.png
  artifactKey: Guid(de9c87c5427fd0842b61be2a9f261884) Importer(815301076,1909f56bfc062723c751e8b465ee728b)
Start importing Assets/Shop/Texture/2D_STONE AGE WORLD/Assets/Player/Sprites/WALK/WALK_M_Human_0080.png using Guid(de9c87c5427fd0842b61be2a9f261884) Importer(815301076,1909f56bfc062723c751e8b465ee728b)  -> (artifact id: '99c0b71b78c2008b03e495dfba6b58c9') in 0.038549 seconds 
========================================================================
Received Import Request.
  Time since last request: 0.000015 seconds.
  path: Assets/Shop/Background/Free 2D Adventure Beach Pack/night-backgrounds/night-wave-01.png
  artifactKey: Guid(d42b8e74f256a214ca3f0a45117db02d) Importer(815301076,1909f56bfc062723c751e8b465ee728b)
Start importing Assets/Shop/Background/Free 2D Adventure Beach Pack/night-backgrounds/night-wave-01.png using Guid(d42b8e74f256a214ca3f0a45117db02d) Importer(815301076,1909f56bfc062723c751e8b465ee728b)  -> (artifact id: 'bac5851fc0739a85119f2ad82df7fb8e') in 0.272188 seconds 
========================================================================
Received Import Request.
  Time since last request: 0.000014 seconds.
  path: Assets/Shop/Texture/2D_STONE AGE WORLD/Assets/Player/Sprites/DEATH/DEATH_M_Human_0050.png
  artifactKey: Guid(a07395d9db744ad4f9cd686ccedf54bb) Importer(815301076,1909f56bfc062723c751e8b465ee728b)
Start importing Assets/Shop/Texture/2D_STONE AGE WORLD/Assets/Player/Sprites/DEATH/DEATH_M_Human_0050.png using Guid(a07395d9db744ad4f9cd686ccedf54bb) Importer(815301076,1909f56bfc062723c751e8b465ee728b)  -> (artifact id: '4571b7f36a72e9677c17a0451cbf8351') in 0.122299 seconds 
========================================================================
Received Import Request.
  Time since last request: 0.000023 seconds.
  path: Assets/Shop/Texture/2D_STONE AGE WORLD/Assets/Player/Sprites/RUN/RUN_M_Human_0000.png
  artifactKey: Guid(dbbdeea23408ffd4ead2fa6754992d06) Importer(815301076,1909f56bfc062723c751e8b465ee728b)
Start importing Assets/Shop/Texture/2D_STONE AGE WORLD/Assets/Player/Sprites/RUN/RUN_M_Human_0000.png using Guid(dbbdeea23408ffd4ead2fa6754992d06) Importer(815301076,1909f56bfc062723c751e8b465ee728b)  -> (artifact id: '6da71758b15b200da6c525cab36ea061') in 0.086746 seconds 
========================================================================
Received Import Request.
  Time since last request: 0.000018 seconds.
  path: Assets/Shop/Texture/2D_STONE AGE WORLD/Assets/Player/Sprites/ATTACK/ATTACK_M_Human_0150.png
  artifactKey: Guid(027bd768b54341045ae63fb94f297acf) Importer(815301076,1909f56bfc062723c751e8b465ee728b)
Start importing Assets/Shop/Texture/2D_STONE AGE WORLD/Assets/Player/Sprites/ATTACK/ATTACK_M_Human_0150.png using Guid(027bd768b54341045ae63fb94f297acf) Importer(815301076,1909f56bfc062723c751e8b465ee728b)  -> (artifact id: '7738cf1256d724f707e249e1a301050e') in 0.250876 seconds 
========================================================================
Received Import Request.
  Time since last request: 0.000014 seconds.
  path: Assets/Shop/Texture/2D_STONE AGE WORLD/Assets/Player/Sprites/ATTACK/ATTACK_M_Human_0000.png
  artifactKey: Guid(09381aff69361ca418536d1af11f14d6) Importer(815301076,1909f56bfc062723c751e8b465ee728b)
Start importing Assets/Shop/Texture/2D_STONE AGE WORLD/Assets/Player/Sprites/ATTACK/ATTACK_M_Human_0000.png using Guid(09381aff69361ca418536d1af11f14d6) Importer(815301076,1909f56bfc062723c751e8b465ee728b)  -> (artifact id: 'd1fa900f811ae748e58cf146f8acaa28') in 0.047425 seconds 
========================================================================
Received Import Request.
  Time since last request: 0.000017 seconds.
  path: Assets/Shop/Texture/2D_STONE AGE WORLD/Assets/Player/Sprites/WALK/WALK_M_Human_0150.png
  artifactKey: Guid(4dbba3fc72ca46e48a0bbcf853a486cf) Importer(815301076,1909f56bfc062723c751e8b465ee728b)
Start importing Assets/Shop/Texture/2D_STONE AGE WORLD/Assets/Player/Sprites/WALK/WALK_M_Human_0150.png using Guid(4dbba3fc72ca46e48a0bbcf853a486cf) Importer(815301076,1909f56bfc062723c751e8b465ee728b)  -> (artifact id: '801bd85c1720702f74c0493ddcf60671') in 0.123785 seconds 
========================================================================
Received Import Request.
  Time since last request: 0.000015 seconds.
  path: Assets/Shop/Texture/2D_STONE AGE WORLD/Assets/Player/Sprites/RUN/RUN_M_Human_0030.png
  artifactKey: Guid(8cbac9bdeeffa294bbeb2431f78b3c5d) Importer(815301076,1909f56bfc062723c751e8b465ee728b)
Start importing Assets/Shop/Texture/2D_STONE AGE WORLD/Assets/Player/Sprites/RUN/RUN_M_Human_0030.png using Guid(8cbac9bdeeffa294bbeb2431f78b3c5d) Importer(815301076,1909f56bfc062723c751e8b465ee728b)  -> (artifact id: '0a6606b08f06572b3861c8d3743773a9') in 0.039734 seconds 
========================================================================
Received Import Request.
  Time since last request: 0.000015 seconds.
  path: Assets/Shop/Texture/2D_STONE AGE WORLD/Assets/Player/Sprites/RUN/RUN_M_Human_0050.png
  artifactKey: Guid(552fc7e6931510e48b454eeda9969f29) Importer(815301076,1909f56bfc062723c751e8b465ee728b)
Start importing Assets/Shop/Texture/2D_STONE AGE WORLD/Assets/Player/Sprites/RUN/RUN_M_Human_0050.png using Guid(552fc7e6931510e48b454eeda9969f29) Importer(815301076,1909f56bfc062723c751e8b465ee728b)  -> (artifact id: '2b0077166cccb036bbdda420343c88f9') in 0.039161 seconds 
========================================================================
Received Import Request.
  Time since last request: 0.000015 seconds.
  path: Assets/Shop/Texture/2D_STONE AGE WORLD/Assets/Player/Sprites/THROW/THROW_M_Human_0140.png
  artifactKey: Guid(f9948f05725b3de4b928feee1d636db0) Importer(815301076,1909f56bfc062723c751e8b465ee728b)
Start importing Assets/Shop/Texture/2D_STONE AGE WORLD/Assets/Player/Sprites/THROW/THROW_M_Human_0140.png using Guid(f9948f05725b3de4b928feee1d636db0) Importer(815301076,1909f56bfc062723c751e8b465ee728b)  -> (artifact id: '9f184b4cd020c06f371a766b09adad64') in 0.052316 seconds 
========================================================================
Received Import Request.
  Time since last request: 0.000020 seconds.
  path: Assets/Shop/Texture/2D_STONE AGE WORLD/Assets/Player/Sprites/ATTACK/ATTACK_M_Human_0040.png
  artifactKey: Guid(dc00fc712cf478f4a9bd59684ddb5cfa) Importer(815301076,1909f56bfc062723c751e8b465ee728b)
Start importing Assets/Shop/Texture/2D_STONE AGE WORLD/Assets/Player/Sprites/ATTACK/ATTACK_M_Human_0040.png using Guid(dc00fc712cf478f4a9bd59684ddb5cfa) Importer(815301076,1909f56bfc062723c751e8b465ee728b)  -> (artifact id: '2d75a62ab75ea7d8740cd58915c29854') in 0.183071 seconds 
========================================================================
Received Import Request.
  Time since last request: 0.000014 seconds.
  path: Assets/Shop/Texture/2D_STONE AGE WORLD/Assets/Player/Sprites/IDLE/IDLE_M_Human_0050.png
  artifactKey: Guid(54b046984eccd0e498f9f4fe0232f902) Importer(815301076,1909f56bfc062723c751e8b465ee728b)
Start importing Assets/Shop/Texture/2D_STONE AGE WORLD/Assets/Player/Sprites/IDLE/IDLE_M_Human_0050.png using Guid(54b046984eccd0e498f9f4fe0232f902) Importer(815301076,1909f56bfc062723c751e8b465ee728b)  -> (artifact id: 'fb5e227197b64412ec0bb849666995f9') in 0.032055 seconds 
========================================================================
Received Import Request.
  Time since last request: 0.000017 seconds.
  path: Assets/Shop/Background/Painted HQ 2D Forest Medieval Background/night/mountain02.png
  artifactKey: Guid(4f896d7c37e46c34c9b57f2e7fed52c5) Importer(815301076,1909f56bfc062723c751e8b465ee728b)
Start importing Assets/Shop/Background/Painted HQ 2D Forest Medieval Background/night/mountain02.png using Guid(4f896d7c37e46c34c9b57f2e7fed52c5) Importer(815301076,1909f56bfc062723c751e8b465ee728b)  -> (artifact id: '90919441520cb37073ee6703f61cbee9') in 0.304355 seconds 
========================================================================
Received Import Request.
  Time since last request: 0.000015 seconds.
  path: Assets/Shop/Texture/2D_STONE AGE WORLD/Assets/Player/Sprites/WEAPONS/AXE_0000.png
  artifactKey: Guid(88de156d0a64dba40a070d066ac36873) Importer(815301076,1909f56bfc062723c751e8b465ee728b)
Start importing Assets/Shop/Texture/2D_STONE AGE WORLD/Assets/Player/Sprites/WEAPONS/AXE_0000.png using Guid(88de156d0a64dba40a070d066ac36873) Importer(815301076,1909f56bfc062723c751e8b465ee728b)  -> (artifact id: '24d7bb4397e2e39fe50eccee87218af8') in 0.248522 seconds 
========================================================================
Received Import Request.
  Time since last request: 0.000018 seconds.
  path: Assets/Shop/Background/Free 2D Adventure Beach Pack/night-backgrounds/night-beach-cloud-01.png
  artifactKey: Guid(4449ad5b30ffc8e4d8f6fb57caddc264) Importer(815301076,1909f56bfc062723c751e8b465ee728b)
Start importing Assets/Shop/Background/Free 2D Adventure Beach Pack/night-backgrounds/night-beach-cloud-01.png using Guid(4449ad5b30ffc8e4d8f6fb57caddc264) Importer(815301076,1909f56bfc062723c751e8b465ee728b)  -> (artifact id: '46cb3250216071fa9e2a021a4b9b194a') in 0.137651 seconds 
========================================================================
Received Import Request.
  Time since last request: 0.000012 seconds.
  path: Assets/Shop/Texture/2D_STONE AGE WORLD/Assets/Player/Sprites/THROW/THROW_M_Human_0120.png
  artifactKey: Guid(43161ad4e39a57348ac0c64b3941704e) Importer(815301076,1909f56bfc062723c751e8b465ee728b)
Start importing Assets/Shop/Texture/2D_STONE AGE WORLD/Assets/Player/Sprites/THROW/THROW_M_Human_0120.png using Guid(43161ad4e39a57348ac0c64b3941704e) Importer(815301076,1909f56bfc062723c751e8b465ee728b)  -> (artifact id: '5d2a72ee039048433629f81e8869c2a6') in 0.120869 seconds 
========================================================================
Received Import Request.
  Time since last request: 0.000016 seconds.
  path: Assets/Shop/Texture/Tree_Textures/shadow.png
  artifactKey: Guid(8d83e3893be635e478de86edbbf93a32) Importer(815301076,1909f56bfc062723c751e8b465ee728b)
Start importing Assets/Shop/Texture/Tree_Textures/shadow.png using Guid(8d83e3893be635e478de86edbbf93a32) Importer(815301076,1909f56bfc062723c751e8b465ee728b)  -> (artifact id: 'fe4840edd5bbc80daaa1e453bd3a6200') in 0.012631 seconds 
========================================================================
Received Import Request.
  Time since last request: 0.000022 seconds.
  path: Assets/Shop/Texture/2D_STONE AGE WORLD/Assets/Player/Sprites/IDLE/IDLE_M_Human_0140.png
  artifactKey: Guid(ad0b09474c3fe0e42beca85e082c7f97) Importer(815301076,1909f56bfc062723c751e8b465ee728b)
Start importing Assets/Shop/Texture/2D_STONE AGE WORLD/Assets/Player/Sprites/IDLE/IDLE_M_Human_0140.png using Guid(ad0b09474c3fe0e42beca85e082c7f97) Importer(815301076,1909f56bfc062723c751e8b465ee728b)  -> (artifact id: '231f51552885869cdd8538a0eab4f771') in 0.173359 seconds 
========================================================================
Received Import Request.
  Time since last request: 0.000014 seconds.
  path: Assets/Shop/Character/Prototype Hero Demo - Pixel Art/Sprites/Background.png
  artifactKey: Guid(d9c5f41937dce6a4aaea431fd404415b) Importer(815301076,1909f56bfc062723c751e8b465ee728b)
Start importing Assets/Shop/Character/Prototype Hero Demo - Pixel Art/Sprites/Background.png using Guid(d9c5f41937dce6a4aaea431fd404415b) Importer(815301076,1909f56bfc062723c751e8b465ee728b)  -> (artifact id: '8dc89563a83794ca23de4af127966f11') in 0.025483 seconds 
========================================================================
Received Import Request.
  Time since last request: 0.000014 seconds.
  path: Assets/Shop/Texture/2D_STONE AGE WORLD/Assets/Player/Sprites/RUN/RUN_M_Human_0100.png
  artifactKey: Guid(3976b0d8a82526a4c8ed4481ed07455c) Importer(815301076,1909f56bfc062723c751e8b465ee728b)
Start importing Assets/Shop/Texture/2D_STONE AGE WORLD/Assets/Player/Sprites/RUN/RUN_M_Human_0100.png using Guid(3976b0d8a82526a4c8ed4481ed07455c) Importer(815301076,1909f56bfc062723c751e8b465ee728b)  -> (artifact id: 'ff4f0b89b7f8444218941ed35a5cd0a6') in 0.121133 seconds 
========================================================================
Received Import Request.
  Time since last request: 0.000014 seconds.
  path: Assets/Shop/Texture/2D_STONE AGE WORLD/Assets/Player/Sprites/ATTACK/ATTACK_M_Human_0100.png
  artifactKey: Guid(f991bb1c64436e84ea69bfff45855eac) Importer(815301076,1909f56bfc062723c751e8b465ee728b)
Start importing Assets/Shop/Texture/2D_STONE AGE WORLD/Assets/Player/Sprites/ATTACK/ATTACK_M_Human_0100.png using Guid(f991bb1c64436e84ea69bfff45855eac) Importer(815301076,1909f56bfc062723c751e8b465ee728b)  -> (artifact id: '6c7ada302ea84597e321e4c0c15af981') in 0.048627 seconds 
========================================================================
Received Import Request.
  Time since last request: 0.000019 seconds.
  path: Assets/Media/Image/Buttons/CloseButtonIMG.png
  artifactKey: Guid(d5ba81a206c48c447b5ee77ed741901a) Importer(815301076,1909f56bfc062723c751e8b465ee728b)
Start importing Assets/Media/Image/Buttons/CloseButtonIMG.png using Guid(d5ba81a206c48c447b5ee77ed741901a) Importer(815301076,1909f56bfc062723c751e8b465ee728b)  -> (artifact id: '0c578aa53f5c4d30911652545337d4eb') in 0.037765 seconds 
========================================================================
Received Import Request.
  Time since last request: 0.000015 seconds.
  path: Assets/Shop/Texture/2D_STONE AGE WORLD/Assets/Player/Sprites/DEATH/DEATH_M_Human_0070.png
  artifactKey: Guid(bed2d388069935644b2c737b6bf8f68e) Importer(815301076,1909f56bfc062723c751e8b465ee728b)
Start importing Assets/Shop/Texture/2D_STONE AGE WORLD/Assets/Player/Sprites/DEATH/DEATH_M_Human_0070.png using Guid(bed2d388069935644b2c737b6bf8f68e) Importer(815301076,1909f56bfc062723c751e8b465ee728b)  -> (artifact id: '6a7082ad8fa996a403dd795e777a4fd5') in 0.015112 seconds 
========================================================================
Received Import Request.
  Time since last request: 0.000014 seconds.
  path: Assets/Shop/Texture/2D_STONE AGE WORLD/Assets/Player/Sprites/THROW/THROW_M_Human_0030.png
  artifactKey: Guid(fb87313a4b25fa74b8c9ab8bea5fda4b) Importer(815301076,1909f56bfc062723c751e8b465ee728b)
Start importing Assets/Shop/Texture/2D_STONE AGE WORLD/Assets/Player/Sprites/THROW/THROW_M_Human_0030.png using Guid(fb87313a4b25fa74b8c9ab8bea5fda4b) Importer(815301076,1909f56bfc062723c751e8b465ee728b)  -> (artifact id: '6185e0c0983a7e58f9ae2778d1c08be6') in 0.045564 seconds 
========================================================================
Received Import Request.
  Time since last request: 0.000013 seconds.
  path: Assets/Shop/Texture/2D_STONE AGE WORLD/Assets/Player/Sprites/HIT/HIT_M_Human_0080.png
  artifactKey: Guid(6a755374d3a8f7e4d9446c77d5d5b99e) Importer(815301076,1909f56bfc062723c751e8b465ee728b)
Start importing Assets/Shop/Texture/2D_STONE AGE WORLD/Assets/Player/Sprites/HIT/HIT_M_Human_0080.png using Guid(6a755374d3a8f7e4d9446c77d5d5b99e) Importer(815301076,1909f56bfc062723c751e8b465ee728b)  -> (artifact id: 'aebdae7119d69771f2fd3cc874b0001a') in 0.070357 seconds 
========================================================================
Received Import Request.
  Time since last request: 0.000013 seconds.
  path: Assets/Shop/Texture/2D_STONE AGE WORLD/Assets/Player/Sprites/Atlas_H_M_W_0000.png
  artifactKey: Guid(13af95a1dca0fa44c8abd54d2eb48cb7) Importer(815301076,1909f56bfc062723c751e8b465ee728b)
Start importing Assets/Shop/Texture/2D_STONE AGE WORLD/Assets/Player/Sprites/Atlas_H_M_W_0000.png using Guid(13af95a1dca0fa44c8abd54d2eb48cb7) Importer(815301076,1909f56bfc062723c751e8b465ee728b)  -> (artifact id: '9cb68cf2e857a95a190f16fde30766bd') in 0.110820 seconds 
========================================================================
Received Import Request.
  Time since last request: 0.000015 seconds.
  path: Assets/Shop/Background/Free 2D Adventure Beach Pack/sunset-backgrounds/sunset-beach-cloud-01.png
  artifactKey: Guid(8aed4928e775b05458e7c052024c5b57) Importer(815301076,1909f56bfc062723c751e8b465ee728b)
Start importing Assets/Shop/Background/Free 2D Adventure Beach Pack/sunset-backgrounds/sunset-beach-cloud-01.png using Guid(8aed4928e775b05458e7c052024c5b57) Importer(815301076,1909f56bfc062723c751e8b465ee728b)  -> (artifact id: 'c8daca890d669070f3e2be1eb8fefab2') in 0.094888 seconds 
========================================================================
Received Import Request.
  Time since last request: 0.000015 seconds.
  path: Assets/Media/Image/Background/Layer_2.png
  artifactKey: Guid(f742986c8cfb0f9408700b55894aba73) Importer(815301076,1909f56bfc062723c751e8b465ee728b)
Start importing Assets/Media/Image/Background/Layer_2.png using Guid(f742986c8cfb0f9408700b55894aba73) Importer(815301076,1909f56bfc062723c751e8b465ee728b)  -> (artifact id: 'ab681d3bffd79cd799866b8979461676') in 0.423047 seconds 
========================================================================
Received Import Request.
  Time since last request: 0.000013 seconds.
  path: Assets/Shop/Texture/2D_STONE AGE WORLD/Assets/Player/Sprites/STUN/STUN_M_Human_0040.png
  artifactKey: Guid(80fcd21bad8225041baab3b8ed5f3c9b) Importer(815301076,1909f56bfc062723c751e8b465ee728b)
Start importing Assets/Shop/Texture/2D_STONE AGE WORLD/Assets/Player/Sprites/STUN/STUN_M_Human_0040.png using Guid(80fcd21bad8225041baab3b8ed5f3c9b) Importer(815301076,1909f56bfc062723c751e8b465ee728b)  -> (artifact id: '1240dc9ecf50a2eb8e94ef5b9ecb357e') in 0.706883 seconds 
========================================================================
Received Import Request.
  Time since last request: 0.000018 seconds.
  path: Assets/Shop/Texture/2D_STONE AGE WORLD/Assets/Player/Sprites/ATTACK/ATTACK_M_Human_0140.png
  artifactKey: Guid(9c8a7be8c5960db418524fbe3f210d42) Importer(815301076,1909f56bfc062723c751e8b465ee728b)
Start importing Assets/Shop/Texture/2D_STONE AGE WORLD/Assets/Player/Sprites/ATTACK/ATTACK_M_Human_0140.png using Guid(9c8a7be8c5960db418524fbe3f210d42) Importer(815301076,1909f56bfc062723c751e8b465ee728b)  -> (artifact id: '511aad0063267c9040c1606e000eb509') in 0.158250 seconds 
========================================================================
Received Import Request.
  Time since last request: 0.000011 seconds.
  path: Assets/Shop/Texture/2D_STONE AGE WORLD/Assets/Player/Sprites/ATTACK/ATTACK_M_Human_0060.png
  artifactKey: Guid(1947ff3f0b348ad42a2713f783800cd2) Importer(815301076,1909f56bfc062723c751e8b465ee728b)
Start importing Assets/Shop/Texture/2D_STONE AGE WORLD/Assets/Player/Sprites/ATTACK/ATTACK_M_Human_0060.png using Guid(1947ff3f0b348ad42a2713f783800cd2) Importer(815301076,1909f56bfc062723c751e8b465ee728b)  -> (artifact id: '454051b3e77bb26c7b1e5022c588a0f2') in 0.012851 seconds 
========================================================================
Received Import Request.
  Time since last request: 0.000012 seconds.
  path: Assets/Shop/Texture/2D_STONE AGE WORLD/Assets/Player/Sprites/STUN/STUN_M_Human_0050.png
  artifactKey: Guid(4ad37b34989d4004faf7c31a8ea01106) Importer(815301076,1909f56bfc062723c751e8b465ee728b)
Start importing Assets/Shop/Texture/2D_STONE AGE WORLD/Assets/Player/Sprites/STUN/STUN_M_Human_0050.png using Guid(4ad37b34989d4004faf7c31a8ea01106) Importer(815301076,1909f56bfc062723c751e8b465ee728b)  -> (artifact id: 'bdbee3a6cfc996635d93a78441f3322e') in 0.142530 seconds 
========================================================================
Received Import Request.
  Time since last request: 0.000012 seconds.
  path: Assets/Shop/Texture/2D_STONE AGE WORLD/Assets/Player/Sprites/HIT/HIT_M_Human_0140.png
  artifactKey: Guid(83dad89330ebdc242a28cc0493017b16) Importer(815301076,1909f56bfc062723c751e8b465ee728b)
Start importing Assets/Shop/Texture/2D_STONE AGE WORLD/Assets/Player/Sprites/HIT/HIT_M_Human_0140.png using Guid(83dad89330ebdc242a28cc0493017b16) Importer(815301076,1909f56bfc062723c751e8b465ee728b)  -> (artifact id: '3f4822445d54838b73e074f433edbb1c') in 0.346066 seconds 
========================================================================
Received Import Request.
  Time since last request: 16.975660 seconds.
  path: Assets/Media/Image
  artifactKey: Guid(6e126c4b183b3a34fa77a53f4ab3cc1e) Importer(815301076,1909f56bfc062723c751e8b465ee728b)
Start importing Assets/Media/Image using Guid(6e126c4b183b3a34fa77a53f4ab3cc1e) Importer(815301076,1909f56bfc062723c751e8b465ee728b)  -> (artifact id: 'abbf872bef16c05a8c0118c6f01ee9ba') in 0.003492 seconds 
========================================================================
Received Import Request.
  Time since last request: 0.636393 seconds.
  path: Assets/Media/Image/Background
  artifactKey: Guid(62d4a5ed9000b804ca2f12cef61e2b5f) Importer(815301076,1909f56bfc062723c751e8b465ee728b)
Start importing Assets/Media/Image/Background using Guid(62d4a5ed9000b804ca2f12cef61e2b5f) Importer(815301076,1909f56bfc062723c751e8b465ee728b)  -> (artifact id: 'b884cd11680a72d3e050e76a02faca23') in 0.001174 seconds 
========================================================================
Received Import Request.
  Time since last request: 3.517447 seconds.
  path: Assets/Media/Image/Buttons/OriginShopButton.ai
  artifactKey: Guid(3295775aa60ff174da8c01c403396178) Importer(815301076,1909f56bfc062723c751e8b465ee728b)
Start importing Assets/Media/Image/Buttons/OriginShopButton.ai using Guid(3295775aa60ff174da8c01c403396178) Importer(815301076,1909f56bfc062723c751e8b465ee728b)  -> (artifact id: 'a8eb643894c3cdc8e8b5e300bfdf9198') in 0.091246 seconds 
========================================================================
Received Import Request.
  Time since last request: 13.737728 seconds.
  path: Assets/Media/Image/Shop/SkillShopButton
  artifactKey: Guid(a02bc9ebd254c624bbad145ce0d2660b) Importer(815301076,1909f56bfc062723c751e8b465ee728b)
Start importing Assets/Media/Image/Shop/SkillShopButton using Guid(a02bc9ebd254c624bbad145ce0d2660b) Importer(815301076,1909f56bfc062723c751e8b465ee728b)  -> (artifact id: '66e19d4bc08c2217a1e85136649a7ac8') in 0.001169 seconds 
========================================================================
Received Import Request.
  Time since last request: 16.300292 seconds.
  path: Assets/Media/Image/Buttons
  artifactKey: Guid(b52a70f0a361a0148bdeb3523e084fea) Importer(815301076,1909f56bfc062723c751e8b465ee728b)
Start importing Assets/Media/Image/Buttons using Guid(b52a70f0a361a0148bdeb3523e084fea) Importer(815301076,1909f56bfc062723c751e8b465ee728b)  -> (artifact id: 'a3f49c4ca9236ad1eb15b744a84ad05d') in 0.004986 seconds 
========================================================================
Received Import Request.
  Time since last request: 4.144572 seconds.
  path: Assets/Media/Image/Shop
  artifactKey: Guid(708e3c0ca86b6ff4990d6eebcda77937) Importer(815301076,1909f56bfc062723c751e8b465ee728b)
Start importing Assets/Media/Image/Shop using Guid(708e3c0ca86b6ff4990d6eebcda77937) Importer(815301076,1909f56bfc062723c751e8b465ee728b)  -> (artifact id: '86f7c599c0875cb40a20d6ecad3feeeb') in 0.003442 seconds 
========================================================================
Received Import Request.
  Time since last request: 7.006519 seconds.
  path: Assets/Media/Image/Panels
  artifactKey: Guid(d34a3ee4d83ad324199369d17a3d788b) Importer(815301076,1909f56bfc062723c751e8b465ee728b)
Start importing Assets/Media/Image/Panels using Guid(d34a3ee4d83ad324199369d17a3d788b) Importer(815301076,1909f56bfc062723c751e8b465ee728b)  -> (artifact id: '716acbdf5ca98a69169e38c734407983') in 0.003205 seconds 
========================================================================
Received Import Request.
  Time since last request: 76.026538 seconds.
  path: Assets/Shop/Texture/2D_STONE AGE WORLD/Assets/Player/Sprites/RUN/RUN_M_Human_0140.png
  artifactKey: Guid(d28eb8b66a4cee447b65423eb98e1e0f) Importer(815301076,1909f56bfc062723c751e8b465ee728b)
Start importing Assets/Shop/Texture/2D_STONE AGE WORLD/Assets/Player/Sprites/RUN/RUN_M_Human_0140.png using Guid(d28eb8b66a4cee447b65423eb98e1e0f) Importer(815301076,1909f56bfc062723c751e8b465ee728b)  -> (artifact id: '4e91ec0e2f12236ac6cc522e36a9b8ba') in 0.084407 seconds 
========================================================================
Received Import Request.
  Time since last request: 253.415701 seconds.
  path: Assets/Media/Image/Panels/PanelFrame.png
  artifactKey: Guid(b06a9e1ce50145448b9712ce1a0d4520) Importer(815301076,1909f56bfc062723c751e8b465ee728b)
Start importing Assets/Media/Image/Panels/PanelFrame.png using Guid(b06a9e1ce50145448b9712ce1a0d4520) Importer(815301076,1909f56bfc062723c751e8b465ee728b)  -> (artifact id: 'eb56d643e7a27b4fa4a5cf44b85b4b58') in 0.024000 seconds 
========================================================================
Received Import Request.
  Time since last request: 212.688132 seconds.
  path: Assets/Font/Room No.703.ttf
  artifactKey: Guid(c736e4cb6cf8a194789b18328eedaf7f) Importer(815301076,1909f56bfc062723c751e8b465ee728b)
Start importing Assets/Font/Room No.703.ttf using Guid(c736e4cb6cf8a194789b18328eedaf7f) Importer(815301076,1909f56bfc062723c751e8b465ee728b)  -> (artifact id: '83a880f3f176ee814a3c4348a505f343') in 0.039237 seconds 
========================================================================
Received Import Request.
  Time since last request: 0.000013 seconds.
  path: Assets/Font/강원교육모두+Light.ttf
  artifactKey: Guid(16abe8aa0c3685d4c96da829d2212a06) Importer(815301076,1909f56bfc062723c751e8b465ee728b)
Start importing Assets/Font/강원교육모두+Light.ttf using Guid(16abe8aa0c3685d4c96da829d2212a06) Importer(815301076,1909f56bfc062723c751e8b465ee728b)  -> (artifact id: 'fe1ba85cae0de26b0aeebfc63bb505fd') in 0.267328 seconds 
========================================================================
Received Prepare
Registering precompiled user dll's ...
Registered in 0.001569 seconds.
Begin MonoManager ReloadAssembly
Native extension for WindowsStandalone target not found
Native extension for Android target not found
Native extension for WebGL target not found
Refreshing native plugins compatible for Editor in 0.56 ms, found 3 plugins.
Preloading 0 native plugins for Editor in 0.00 ms.
Mono: successfully reloaded assembly
- Completed reload, in  0.555 seconds
Domain Reload Profiling:
	ReloadAssembly (555ms)
		BeginReloadAssembly (76ms)
			ExecutionOrderSort (0ms)
			DisableScriptedObjects (3ms)
			BackupInstance (0ms)
			ReleaseScriptingObjects (0ms)
			CreateAndSetChildDomain (20ms)
		EndReloadAssembly (425ms)
			LoadAssemblies (41ms)
			RebuildTransferFunctionScriptingTraits (0ms)
			SetupTypeCache (106ms)
			ReleaseScriptCaches (1ms)
			RebuildScriptCaches (22ms)
			SetupLoadedEditorAssemblies (228ms)
				LogAssemblyErrors (0ms)
				InitializePlatformSupportModulesInManaged (15ms)
				SetLoadedEditorAssemblies (0ms)
				RefreshPlugins (1ms)
				BeforeProcessingInitializeOnLoad (33ms)
				ProcessInitializeOnLoadAttributes (154ms)
				ProcessInitializeOnLoadMethodAttributes (20ms)
				AfterProcessingInitializeOnLoad (3ms)
				EditorAssembliesLoaded (0ms)
			ExecutionOrderSort2 (0ms)
			AwakeInstancesAfterBackupRestoration (5ms)
Platform modules already initialized, skipping
Refreshing native plugins compatible for Editor in 0.84 ms, found 3 plugins.
Preloading 0 native plugins for Editor in 0.00 ms.
Unloading 2335 Unused Serialized files (Serialized files now loaded: 0)
Unloading 18 unused Assets / (24.5 KB). Loaded Objects now: 2978.
Memory consumption went from 118.2 MB to 118.1 MB.
Total: 2.170100 ms (FindLiveObjects: 0.159900 ms CreateObjectMapping: 0.052200 ms MarkObjects: 1.943500 ms  DeleteObjects: 0.014000 ms)

AssetImportParameters requested are different than current active one (requested -> active):
  custom:video-decoder-ogg-theora: a1e56fd34408186e4bbccfd4996cb3dc -> 
  custom:container-muxer-webm: aa71ff27fc2769a1b78a27578f13a17b -> 
  custom:container-demuxer-webm: 4f35f7cbe854078d1ac9338744f61a02 -> 
  custom:video-encoder-webm-vp8: eb34c28f22e8b96e1ab97ce403110664 -> 
  custom:audio-encoder-webm-vorbis: bf7c407c2cedff20999df2af8eb42d56 -> 
  custom:framework-win-MediaFoundation: 216162199b28c13a410421893ffa2e32 -> 
  custom:container-demuxer-ogg: 62fdf1f143b41e24485cea50d1cbac27 -> 
  custom:video-decoder-webm-vp8: 9c59270c3fd7afecdb556c50c9e8de78 -> 
  custom:audio-decoder-ogg-vorbis: bf7c407c2cedff20999df2af8eb42d56 -> 
========================================================================
Received Import Request.
  Time since last request: 432.303038 seconds.
  path: Assets/Media/Sound
  artifactKey: Guid(1be201819401cea4696ab41bf6568daa) Importer(815301076,1909f56bfc062723c751e8b465ee728b)
Start importing Assets/Media/Sound using Guid(1be201819401cea4696ab41bf6568daa) Importer(815301076,1909f56bfc062723c751e8b465ee728b)  -> (artifact id: '50a464c4ba6bd1cbdf359e0410577063') in 0.010177 seconds 
========================================================================
Received Import Request.
  Time since last request: 255.601408 seconds.
  path: Assets/Media/Image/Buttons/TryUpgradeButtonIMG.png
  artifactKey: Guid(bde1f872a88df6f449de6dadf3676a30) Importer(815301076,1909f56bfc062723c751e8b465ee728b)
Start importing Assets/Media/Image/Buttons/TryUpgradeButtonIMG.png using Guid(bde1f872a88df6f449de6dadf3676a30) Importer(815301076,1909f56bfc062723c751e8b465ee728b)  -> (artifact id: '0feb4f7f2c84169349969b625e0d0099') in 0.045135 seconds 
========================================================================
Received Import Request.
  Time since last request: 446.376386 seconds.
  path: Assets/Media/Image/TryUpgradeIMG.png
  artifactKey: Guid(79916ae74c517544a8ba39d472952131) Importer(815301076,1909f56bfc062723c751e8b465ee728b)
Start importing Assets/Media/Image/TryUpgradeIMG.png using Guid(79916ae74c517544a8ba39d472952131) Importer(815301076,1909f56bfc062723c751e8b465ee728b)  -> (artifact id: '77e422f534b7427cea190ab972e7e017') in 0.013477 seconds 
========================================================================
Received Import Request.
  Time since last request: 31.838729 seconds.
  path: Assets/Media/Image/TryUpgradeIMG.png
  artifactKey: Guid(79916ae74c517544a8ba39d472952131) Importer(815301076,1909f56bfc062723c751e8b465ee728b)
Start importing Assets/Media/Image/TryUpgradeIMG.png using Guid(79916ae74c517544a8ba39d472952131) Importer(815301076,1909f56bfc062723c751e8b465ee728b)  -> (artifact id: 'a4706e9162fa063a4dd291d9b908d56b') in 0.060210 seconds 
========================================================================
Received Import Request.
  Time since last request: 521.250007 seconds.
  path: Assets/Media/Image/TryUpgradeIMG.png
  artifactKey: Guid(79916ae74c517544a8ba39d472952131) Importer(815301076,1909f56bfc062723c751e8b465ee728b)
Start importing Assets/Media/Image/TryUpgradeIMG.png using Guid(79916ae74c517544a8ba39d472952131) Importer(815301076,1909f56bfc062723c751e8b465ee728b)  -> (artifact id: '946ee87700461f28e9c76caac0df0478') in 0.011358 seconds 
========================================================================
Received Prepare
Registering precompiled user dll's ...
Registered in 0.001548 seconds.
Begin MonoManager ReloadAssembly
Native extension for WindowsStandalone target not found
Native extension for Android target not found
Native extension for WebGL target not found
Refreshing native plugins compatible for Editor in 0.44 ms, found 3 plugins.
Preloading 0 native plugins for Editor in 0.00 ms.
Mono: successfully reloaded assembly
- Completed reload, in  0.532 seconds
Domain Reload Profiling:
	ReloadAssembly (532ms)
		BeginReloadAssembly (81ms)
			ExecutionOrderSort (0ms)
			DisableScriptedObjects (4ms)
			BackupInstance (0ms)
			ReleaseScriptingObjects (0ms)
			CreateAndSetChildDomain (21ms)
		EndReloadAssembly (389ms)
			LoadAssemblies (47ms)
			RebuildTransferFunctionScriptingTraits (0ms)
			SetupTypeCache (113ms)
			ReleaseScriptCaches (1ms)
			RebuildScriptCaches (24ms)
			SetupLoadedEditorAssemblies (176ms)
				LogAssemblyErrors (0ms)
				InitializePlatformSupportModulesInManaged (13ms)
				SetLoadedEditorAssemblies (0ms)
				RefreshPlugins (0ms)
				BeforeProcessingInitializeOnLoad (31ms)
				ProcessInitializeOnLoadAttributes (109ms)
				ProcessInitializeOnLoadMethodAttributes (19ms)
				AfterProcessingInitializeOnLoad (3ms)
				EditorAssembliesLoaded (0ms)
			ExecutionOrderSort2 (0ms)
			AwakeInstancesAfterBackupRestoration (5ms)
Platform modules already initialized, skipping
Refreshing native plugins compatible for Editor in 0.84 ms, found 3 plugins.
Preloading 0 native plugins for Editor in 0.00 ms.
Unloading 2335 Unused Serialized files (Serialized files now loaded: 0)
Unloading 18 unused Assets / (24.6 KB). Loaded Objects now: 2986.
Memory consumption went from 118.3 MB to 118.2 MB.
Total: 1.962600 ms (FindLiveObjects: 0.133100 ms CreateObjectMapping: 0.045500 ms MarkObjects: 1.771300 ms  DeleteObjects: 0.011600 ms)

AssetImportParameters requested are different than current active one (requested -> active):
  custom:video-decoder-ogg-theora: a1e56fd34408186e4bbccfd4996cb3dc -> 
  custom:container-muxer-webm: aa71ff27fc2769a1b78a27578f13a17b -> 
  custom:container-demuxer-webm: 4f35f7cbe854078d1ac9338744f61a02 -> 
  custom:video-encoder-webm-vp8: eb34c28f22e8b96e1ab97ce403110664 -> 
  custom:audio-encoder-webm-vorbis: bf7c407c2cedff20999df2af8eb42d56 -> 
  custom:framework-win-MediaFoundation: 216162199b28c13a410421893ffa2e32 -> 
  custom:container-demuxer-ogg: 62fdf1f143b41e24485cea50d1cbac27 -> 
  custom:video-decoder-webm-vp8: 9c59270c3fd7afecdb556c50c9e8de78 -> 
  custom:audio-decoder-ogg-vorbis: bf7c407c2cedff20999df2af8eb42d56 -> 
